Using pre-set license
Built from '2020.3/staging' branch; Version is '2020.3.5f1 (8095aa901b9b) revision 8426922'; Using compiler version '192528614'; Build Type 'Release'
OS: 'Windows 7  (6.1.0) 64bit' Language: 'ru' Physical Memory: 8190 MB
BatchMode: 1, IsHumanControllingUs: 0, StartBugReporterOnCrash: 0, Is64bit: 1, IsPro: 0

 COMMAND LINE ARGUMENTS:
C:\Program Files\Unity\Hub\Editor\2020.3.5f1\Editor\Unity.exe
-adb2
-batchMode
-noUpm
-name
AssetImportWorker0
-projectPath
C:/StartUnity/My_First_Game
-logFile
Logs/AssetImportWorker0.log
-srvPort
58817
Successfully changed project path to: C:/StartUnity/My_First_Game
C:/StartUnity/My_First_Game
Using Asset Import Pipeline V2.
Refreshing native plugins compatible for Editor in 43.68 ms, found 0 plugins.
Preloading 0 native plugins for Editor in 0.00 ms.
Initialize engine version: 2020.3.5f1 (8095aa901b9b)
[Subsystems] Discovering subsystems at path C:/Program Files/Unity/Hub/Editor/2020.3.5f1/Editor/Data/Resources/UnitySubsystems
[Subsystems] Discovering subsystems at path C:/StartUnity/My_First_Game/Assets
GfxDevice: creating device client; threaded=0
d3d11: CreateDXGIFactory2(...) not found, fallbacking to CreateDXGIFactory1(...).
d3d11: QueryInterface(IDXGIFactory5) failed (80004002).
Direct3D:
    Version:  Direct3D 11.0 [level 11.0]
    Renderer: NVIDIA GeForce GTX 1050 (ID=0x1c81)
    Vendor:   
    VRAM:     1958 MB
    Driver:   27.21.14.6109
Initialize mono
Mono path[0] = 'C:/Program Files/Unity/Hub/Editor/2020.3.5f1/Editor/Data/Managed'
Mono path[1] = 'C:/Program Files/Unity/Hub/Editor/2020.3.5f1/Editor/Data/MonoBleedingEdge/lib/mono/unityjit'
Mono config path = 'C:/Program Files/Unity/Hub/Editor/2020.3.5f1/Editor/Data/MonoBleedingEdge/etc'
Using monoOptions --debugger-agent=transport=dt_socket,embedding=1,server=y,suspend=n,address=127.0.0.1:56308
Begin MonoManager ReloadAssembly
Registering precompiled unity dll's ...
Register platform support module: C:/Program Files/Unity/Hub/Editor/2020.3.5f1/Editor/Data/PlaybackEngines/WindowsStandaloneSupport/UnityEditor.WindowsStandalone.Extensions.dll
Registered in 0.001590 seconds.
Native extension for WindowsStandalone target not found
Refreshing native plugins compatible for Editor in 40.70 ms, found 0 plugins.
Preloading 0 native plugins for Editor in 0.00 ms.
Mono: successfully reloaded assembly
- Completed reload, in  3.190 seconds
Platform modules already initialized, skipping
Registering precompiled user dll's ...
Registered in 0.000789 seconds.
Begin MonoManager ReloadAssembly
Native extension for WindowsStandalone target not found
Refreshing native plugins compatible for Editor in 0.40 ms, found 0 plugins.
Preloading 0 native plugins for Editor in 0.00 ms.
Mono: successfully reloaded assembly
- Completed reload, in  1.347 seconds
Platform modules already initialized, skipping
========================================================================
Worker process is ready to serve import requests
Launched and connected shader compiler UnityShaderCompiler.exe after 0.05 seconds
Refreshing native plugins compatible for Editor in 0.45 ms, found 0 plugins.
Preloading 0 native plugins for Editor in 0.00 ms.
Unloading 1118 Unused Serialized files (Serialized files now loaded: 0)
System memory in use before: 79.0 MB.
System memory in use after: 79.1 MB.

Unloading 9 unused Assets to reduce memory usage. Loaded Objects now: 1595.
Total: 3.324110 ms (FindLiveObjects: 0.435327 ms CreateObjectMapping: 0.086109 ms MarkObjects: 2.614512 ms  DeleteObjects: 0.186888 ms)

========================================================================
Received Import Request.
  path: Assets/NewLayer.terrainlayer
  artifactKey: Guid(d49bd82ea77bca54ab59d0df10298c2c) Importer(815301076,1909f56bfc062723c751e8b465ee728b)
Start importing Assets/NewLayer.terrainlayer using Guid(d49bd82ea77bca54ab59d0df10298c2c) Importer(815301076,1909f56bfc062723c751e8b465ee728b)  -> (artifact id: 'cbf4c97da38426aae0608eda7ea1f3c3') in 0.127568 seconds
  Import took 0.130503 seconds .

========================================================================
Received Import Request.
  Time since last request: 0.000320 seconds.
  path: Assets/NewBrush.brush
  artifactKey: Guid(9a1a4762eb0973941816448955a47516) Importer(815301076,1909f56bfc062723c751e8b465ee728b)
Start importing Assets/NewBrush.brush using Guid(9a1a4762eb0973941816448955a47516) Importer(815301076,1909f56bfc062723c751e8b465ee728b)  -> (artifact id: 'b03ab78ab73f5b9637f222a9abf1de60') in 0.077456 seconds
  Import took 0.080058 seconds .

========================================================================
Received Import Request.
  Time since last request: 0.000237 seconds.
  path: Assets/New Terrain.asset
  artifactKey: Guid(7d129e838537fff43aaafc0f26f2450d) Importer(815301076,1909f56bfc062723c751e8b465ee728b)
Start importing Assets/New Terrain.asset using Guid(7d129e838537fff43aaafc0f26f2450d) Importer(815301076,1909f56bfc062723c751e8b465ee728b)  -> (artifact id: 'b6f7de47d8a49154598d7d612f965edd') in 0.093294 seconds
  Import took 0.096306 seconds .

========================================================================
Received Import Request.
  Time since last request: 194.044261 seconds.
  path: Assets/DacingEyebrows/deb_Goblin01
  artifactKey: Guid(f675191ea8eeb704982d88e38364e680) Importer(815301076,1909f56bfc062723c751e8b465ee728b)
Start importing Assets/DacingEyebrows/deb_Goblin01 using Guid(f675191ea8eeb704982d88e38364e680) Importer(815301076,1909f56bfc062723c751e8b465ee728b)  -> (artifact id: 'e35b4c98acacf3b62125bb462ff568d2') in 0.046846 seconds
  Import took 0.049849 seconds .

========================================================================
Received Import Request.
  Time since last request: 5.568888 seconds.
  path: Assets/DacingEyebrows/deb_Goblin01/Prefab
  artifactKey: Guid(04137db5579c68a409665f1330811eb7) Importer(815301076,1909f56bfc062723c751e8b465ee728b)
Start importing Assets/DacingEyebrows/deb_Goblin01/Prefab using Guid(04137db5579c68a409665f1330811eb7) Importer(815301076,1909f56bfc062723c751e8b465ee728b)  -> (artifact id: 'e8d70c902a3c84ae74c4959b8608a4e6') in 0.043785 seconds
  Import took 0.046583 seconds .

========================================================================
Received Import Request.
  Time since last request: 0.032151 seconds.
  path: Assets/DacingEyebrows/deb_Goblin01/Prefab/deb_Goblin01.prefab
  artifactKey: Guid(47b41978aba272c47ae5f4a2f7179c61) Importer(815301076,1909f56bfc062723c751e8b465ee728b)
Start importing Assets/DacingEyebrows/deb_Goblin01/Prefab/deb_Goblin01.prefab using Guid(47b41978aba272c47ae5f4a2f7179c61) Importer(815301076,1909f56bfc062723c751e8b465ee728b)  -> (artifact id: '016aa75ec74428e7307e5d60ab5399dc') in 0.573331 seconds
  Import took 0.577856 seconds .

========================================================================
Received Import Request.
  Time since last request: 17.674070 seconds.
  path: Assets/DacingEyebrows/deb_Goblin01/Texture
  artifactKey: Guid(d2558798771eae34bad9321dc9e9fba0) Importer(815301076,1909f56bfc062723c751e8b465ee728b)
Start importing Assets/DacingEyebrows/deb_Goblin01/Texture using Guid(d2558798771eae34bad9321dc9e9fba0) Importer(815301076,1909f56bfc062723c751e8b465ee728b)  -> (artifact id: 'c0cd21726f34d6368e31a31d801810d7') in 0.051897 seconds
  Import took 0.055410 seconds .

========================================================================
Received Import Request.
  Time since last request: 0.002666 seconds.
  path: Assets/DacingEyebrows/deb_Goblin01/Texture/deb_Goblin01_AO.tga
  artifactKey: Guid(132047227f63b604f9752ee867f4ec8a) Importer(815301076,1909f56bfc062723c751e8b465ee728b)
Start importing Assets/DacingEyebrows/deb_Goblin01/Texture/deb_Goblin01_AO.tga using Guid(132047227f63b604f9752ee867f4ec8a) Importer(815301076,1909f56bfc062723c751e8b465ee728b)  -> (artifact id: '681237259676459c4b00a0a9eefef4b0') in 0.063592 seconds
  Import took 0.066345 seconds .

========================================================================
Received Import Request.
  Time since last request: 0.000278 seconds.
  path: Assets/DacingEyebrows/deb_Goblin01/Texture/deb_Goblin01_M.tga
  artifactKey: Guid(74e5c7b9424f48842adc6767ba70ecf2) Importer(815301076,1909f56bfc062723c751e8b465ee728b)
Start importing Assets/DacingEyebrows/deb_Goblin01/Texture/deb_Goblin01_M.tga using Guid(74e5c7b9424f48842adc6767ba70ecf2) Importer(815301076,1909f56bfc062723c751e8b465ee728b)  -> (artifact id: '9be28894ac551387dbfc478ddf0b6dfb') in 0.056894 seconds
  Import took 0.059462 seconds .

========================================================================
Received Import Request.
  Time since last request: 0.000258 seconds.
  path: Assets/DacingEyebrows/deb_Goblin01/Texture/deb_Goblin01_N.tga
  artifactKey: Guid(442788cabdc5f3b4ea06156fbaca360a) Importer(815301076,1909f56bfc062723c751e8b465ee728b)
Start importing Assets/DacingEyebrows/deb_Goblin01/Texture/deb_Goblin01_N.tga using Guid(442788cabdc5f3b4ea06156fbaca360a) Importer(815301076,1909f56bfc062723c751e8b465ee728b)  -> (artifact id: 'd4da71cd199f259ac32e06b71709de23') in 0.061043 seconds
  Import took 0.063641 seconds .

========================================================================
Received Import Request.
  Time since last request: 0.000236 seconds.
  path: Assets/DacingEyebrows/deb_Goblin01/Texture/deb_Goblin01_D.tga
  artifactKey: Guid(47f53b775c7d58249bd36a609cfdda47) Importer(815301076,1909f56bfc062723c751e8b465ee728b)
Start importing Assets/DacingEyebrows/deb_Goblin01/Texture/deb_Goblin01_D.tga using Guid(47f53b775c7d58249bd36a609cfdda47) Importer(815301076,1909f56bfc062723c751e8b465ee728b)  -> (artifact id: '807b976ce293651c34581906869d4467') in 0.059396 seconds
  Import took 0.061947 seconds .

========================================================================
Received Import Request.
  Time since last request: 29.335671 seconds.
  path: Assets/Scenes/Textures
  artifactKey: Guid(e9cb1681cdd1b5f439c48dbc1e47cb4e) Importer(815301076,1909f56bfc062723c751e8b465ee728b)
Start importing Assets/Scenes/Textures using Guid(e9cb1681cdd1b5f439c48dbc1e47cb4e) Importer(815301076,1909f56bfc062723c751e8b465ee728b)  -> (artifact id: 'ae98f8cd1677d9f863faac4ff8673c0a') in 0.045382 seconds
  Import took 0.048231 seconds .

========================================================================
Received Import Request.
  Time since last request: 38.859338 seconds.
  path: Assets/Textures
  artifactKey: Guid(f43ddca74e821154cbdd36a5ae9070a7) Importer(815301076,1909f56bfc062723c751e8b465ee728b)
Start importing Assets/Textures using Guid(f43ddca74e821154cbdd36a5ae9070a7) Importer(815301076,1909f56bfc062723c751e8b465ee728b)  -> (artifact id: '07e6926810bbf2118525ac46418196b8') in 0.041212 seconds
  Import took 0.044274 seconds .

========================================================================
Received Import Request.
  Time since last request: 55.602587 seconds.
  path: Assets/FantasyEnvironments
  artifactKey: Guid(acea81fcb74f28643a72b145777c9314) Importer(815301076,1909f56bfc062723c751e8b465ee728b)
Start importing Assets/FantasyEnvironments using Guid(acea81fcb74f28643a72b145777c9314) Importer(815301076,1909f56bfc062723c751e8b465ee728b)  -> (artifact id: '846761be0f119298a2cc13f67700875a') in 0.048812 seconds
  Import took 0.052049 seconds .

========================================================================
Received Import Request.
  Time since last request: 1.307939 seconds.
  path: Assets/FantasyEnvironments/Environments
  artifactKey: Guid(b65037222b1418248ad5e3d35bf81d24) Importer(815301076,1909f56bfc062723c751e8b465ee728b)
Start importing Assets/FantasyEnvironments/Environments using Guid(b65037222b1418248ad5e3d35bf81d24) Importer(815301076,1909f56bfc062723c751e8b465ee728b)  -> (artifact id: '4676a6c2fc6e21ab13777c8b25ab6835') in 0.045844 seconds
  Import took 0.049071 seconds .

========================================================================
Received Import Request.
  Time since last request: 2.240489 seconds.
  path: Assets/FantasyEnvironments/Environments/Materials
  artifactKey: Guid(9ee4b6a4cc4a83944b31251a7c133061) Importer(815301076,1909f56bfc062723c751e8b465ee728b)
Start importing Assets/FantasyEnvironments/Environments/Materials using Guid(9ee4b6a4cc4a83944b31251a7c133061) Importer(815301076,1909f56bfc062723c751e8b465ee728b)  -> (artifact id: '32de4d6e6045d5385c380ae6767fa334') in 0.053015 seconds
  Import took 0.056233 seconds .

========================================================================
Received Import Request.
  Time since last request: 48.458815 seconds.
  path: Assets/FantasyEnvironments/Environments/Ambient-Occlusion-Trees
  artifactKey: Guid(4e76dcc3a830acc4797d7d7b17ab17e2) Importer(815301076,1909f56bfc062723c751e8b465ee728b)
Start importing Assets/FantasyEnvironments/Environments/Ambient-Occlusion-Trees using Guid(4e76dcc3a830acc4797d7d7b17ab17e2) Importer(815301076,1909f56bfc062723c751e8b465ee728b)  -> (artifact id: '97ef387fa9796e6903d95c823b338e22') in 0.050695 seconds
  Import took 0.053887 seconds .

========================================================================
Received Import Request.
  Time since last request: 0.546892 seconds.
  path: Assets/FantasyEnvironments/Environments/Ambient-Occlusion-Trees/FBX
  artifactKey: Guid(d1df0459dfe36a14c9db11e4677dd4dd) Importer(815301076,1909f56bfc062723c751e8b465ee728b)
Start importing Assets/FantasyEnvironments/Environments/Ambient-Occlusion-Trees/FBX using Guid(d1df0459dfe36a14c9db11e4677dd4dd) Importer(815301076,1909f56bfc062723c751e8b465ee728b)  -> (artifact id: '170fac5bd308bbee01d1d7c505a6f198') in 0.007033 seconds
  Import took 0.010659 seconds .

========================================================================
Received Import Request.
  Time since last request: 1.159020 seconds.
  path: Assets/FantasyEnvironments/Environments/Ambient-Occlusion-Trees/Materials
  artifactKey: Guid(d020d4b7d44e1034289ac8ee8f663a3c) Importer(815301076,1909f56bfc062723c751e8b465ee728b)
Start importing Assets/FantasyEnvironments/Environments/Ambient-Occlusion-Trees/Materials using Guid(d020d4b7d44e1034289ac8ee8f663a3c) Importer(815301076,1909f56bfc062723c751e8b465ee728b)  -> (artifact id: '6cfae3be61467e7e4a18f544302c818a') in 0.047634 seconds
  Import took 0.050823 seconds .

========================================================================
Received Import Request.
  Time since last request: 17.831837 seconds.
  path: Assets/FantasyEnvironments/Environments/Scenes
  artifactKey: Guid(e929daf10fde9624a8a38d0df3ff3dea) Importer(815301076,1909f56bfc062723c751e8b465ee728b)
Start importing Assets/FantasyEnvironments/Environments/Scenes using Guid(e929daf10fde9624a8a38d0df3ff3dea) Importer(815301076,1909f56bfc062723c751e8b465ee728b)  -> (artifact id: 'ec9209e0b1135dd654e19282bfc556d8') in 0.047310 seconds
  Import took 0.050527 seconds .

========================================================================
Received Import Request.
  Time since last request: 294.806280 seconds.
  path: Assets/Prefabs/Shotgun 2.prefab
  artifactKey: Guid(7d6d6a8f9e5e62d45ae99aa283b89a20) Importer(815301076,1909f56bfc062723c751e8b465ee728b)
Start importing Assets/Prefabs/Shotgun 2.prefab using Guid(7d6d6a8f9e5e62d45ae99aa283b89a20) Importer(815301076,1909f56bfc062723c751e8b465ee728b)  -> (artifact id: '394400a3edeaf11d2afb987fbec4394c') in 0.126654 seconds
  Import took 0.132954 seconds .

========================================================================
Received Import Request.
  Time since last request: 4.231585 seconds.
  path: Assets/Shotgun/Assets
  artifactKey: Guid(f04eb569cdcb0f243ace4b1e994eeafc) Importer(815301076,1909f56bfc062723c751e8b465ee728b)
Start importing Assets/Shotgun/Assets using Guid(f04eb569cdcb0f243ace4b1e994eeafc) Importer(815301076,1909f56bfc062723c751e8b465ee728b)  -> (artifact id: '8de3f4eb0b058c91f163815077563a68') in 0.040376 seconds
  Import took 0.043192 seconds .

========================================================================
Received Import Request.
  Time since last request: 1.745539 seconds.
  path: Assets/Shotgun/Assets/Materials
  artifactKey: Guid(b2cc1df453c7cc1489e05fa62c6a3c20) Importer(815301076,1909f56bfc062723c751e8b465ee728b)
Start importing Assets/Shotgun/Assets/Materials using Guid(b2cc1df453c7cc1489e05fa62c6a3c20) Importer(815301076,1909f56bfc062723c751e8b465ee728b)  -> (artifact id: '89186cb33d7edba5e5137cf7ff7ec881') in 0.040426 seconds
  Import took 0.043552 seconds .

========================================================================
Received Import Request.
  Time since last request: 0.035994 seconds.
  path: Assets/Shotgun/Assets/Materials/Attachments.mat
  artifactKey: Guid(8fc04a0a176cf71478a91ceed83033a1) Importer(815301076,1909f56bfc062723c751e8b465ee728b)
Start importing Assets/Shotgun/Assets/Materials/Attachments.mat using Guid(8fc04a0a176cf71478a91ceed83033a1) Importer(815301076,1909f56bfc062723c751e8b465ee728b)  -> (artifact id: 'a24f6eebdd4f31ad382e5cb34e3a5f3c') in 0.099750 seconds
  Import took 0.102990 seconds .

========================================================================
Received Import Request.
  Time since last request: 0.000306 seconds.
  path: Assets/Shotgun/Assets/Materials/Shotgun.mat
  artifactKey: Guid(8eff0d4950294f6429b6dac79a43629d) Importer(815301076,1909f56bfc062723c751e8b465ee728b)
Start importing Assets/Shotgun/Assets/Materials/Shotgun.mat using Guid(8eff0d4950294f6429b6dac79a43629d) Importer(815301076,1909f56bfc062723c751e8b465ee728b)  -> (artifact id: 'b28a26934b0462c9e1bf3477fee407be') in 0.086552 seconds
  Import took 0.089334 seconds .

========================================================================
Received Import Request.
  Time since last request: 11.734428 seconds.
  path: Assets/Shotgun/Assets/Models/Shotgun.fbx
  artifactKey: Guid(e537bb33554d84b45bee0b6956abe730) Importer(815301076,1909f56bfc062723c751e8b465ee728b)
Start importing Assets/Shotgun/Assets/Models/Shotgun.fbx using Guid(e537bb33554d84b45bee0b6956abe730) Importer(815301076,1909f56bfc062723c751e8b465ee728b)  -> (artifact id: '5fc20d4371f8b284151b82d56abb1c3e') in 0.095887 seconds
  Import took 0.099249 seconds .

========================================================================
Received Import Request.
  Time since last request: 0.000280 seconds.
  path: Assets/Shotgun/Assets/Models/Shotgun_BulletLoops.fbx
  artifactKey: Guid(4ee938d9b4ca9c14ab125f51fa231c75) Importer(815301076,1909f56bfc062723c751e8b465ee728b)
Start importing Assets/Shotgun/Assets/Models/Shotgun_BulletLoops.fbx using Guid(4ee938d9b4ca9c14ab125f51fa231c75) Importer(815301076,1909f56bfc062723c751e8b465ee728b)  -> (artifact id: '284370d5071433d4c5ce4da869ff9732') in 0.070233 seconds
  Import took 0.073307 seconds .

========================================================================
Received Import Request.
  Time since last request: 0.000353 seconds.
  path: Assets/Shotgun/Assets/Models/Shotgun_Belt.fbx
  artifactKey: Guid(1ca5b8b8dda4caf48b82333d49bca831) Importer(815301076,1909f56bfc062723c751e8b465ee728b)
Start importing Assets/Shotgun/Assets/Models/Shotgun_Belt.fbx using Guid(1ca5b8b8dda4caf48b82333d49bca831) Importer(815301076,1909f56bfc062723c751e8b465ee728b)  -> (artifact id: '06b319155aee58b91447e1f34807650e') in 0.063868 seconds
  Import took 0.067110 seconds .

========================================================================
Received Import Request.
  Time since last request: 0.000274 seconds.
  path: Assets/Shotgun/Assets/Models/Sohtgun_ExtendedMagazine.fbx
  artifactKey: Guid(073925941096bd34d85c5d8b5230fc52) Importer(815301076,1909f56bfc062723c751e8b465ee728b)
Start importing Assets/Shotgun/Assets/Models/Sohtgun_ExtendedMagazine.fbx using Guid(073925941096bd34d85c5d8b5230fc52) Importer(815301076,1909f56bfc062723c751e8b465ee728b)  -> (artifact id: 'ec8443fb3ecd3c523448afff1be58be8') in 0.061129 seconds
  Import took 0.063932 seconds .

========================================================================
Received Import Request.
  Time since last request: 0.000359 seconds.
  path: Assets/Shotgun/Assets/Models/Shotgun_Shell.fbx
  artifactKey: Guid(a22338fa6061b18489c6b33d7cdf463f) Importer(815301076,1909f56bfc062723c751e8b465ee728b)
Start importing Assets/Shotgun/Assets/Models/Shotgun_Shell.fbx using Guid(a22338fa6061b18489c6b33d7cdf463f) Importer(815301076,1909f56bfc062723c751e8b465ee728b)  -> (artifact id: '18ab91a48bc20c918443067e3e25ebe8') in 0.065638 seconds
  Import took 0.068615 seconds .

========================================================================
Received Import Request.
  Time since last request: 28.628826 seconds.
  path: Assets/Models
  artifactKey: Guid(d810815081d4de44296cd7119b96cd23) Importer(815301076,1909f56bfc062723c751e8b465ee728b)
Start importing Assets/Models using Guid(d810815081d4de44296cd7119b96cd23) Importer(815301076,1909f56bfc062723c751e8b465ee728b)  -> (artifact id: '9c71837731f2cc596255ebeef47fd8c9') in 0.046206 seconds
  Import took 0.049295 seconds .

========================================================================
Received Import Request.
  Time since last request: 5.292113 seconds.
  path: Assets/Shotgun/Assets/Models
  artifactKey: Guid(9de2e08178282ac4b8107dc15d98b50d) Importer(815301076,1909f56bfc062723c751e8b465ee728b)
Start importing Assets/Shotgun/Assets/Models using Guid(9de2e08178282ac4b8107dc15d98b50d) Importer(815301076,1909f56bfc062723c751e8b465ee728b)  -> (artifact id: '6362ff55957461f4896124167b84efa2') in 0.044494 seconds
  Import took 0.047376 seconds .

========================================================================
Received Import Request.
  Time since last request: 14.665977 seconds.
  path: Assets/Shotgun/Assets/Textures
  artifactKey: Guid(be00dc15c4d0283438e3153017aaf221) Importer(815301076,1909f56bfc062723c751e8b465ee728b)
Start importing Assets/Shotgun/Assets/Textures using Guid(be00dc15c4d0283438e3153017aaf221) Importer(815301076,1909f56bfc062723c751e8b465ee728b)  -> (artifact id: 'e134ab730b054b352001d1b2e138e06a') in 0.043499 seconds
  Import took 0.046404 seconds .

========================================================================
Received Import Request.
  Time since last request: 6.807886 seconds.
  path: Assets/Shotgun/Assets/Textures/Attachments
  artifactKey: Guid(d31dd061ccafec44c94715d7d3e84930) Importer(815301076,1909f56bfc062723c751e8b465ee728b)
Start importing Assets/Shotgun/Assets/Textures/Attachments using Guid(d31dd061ccafec44c94715d7d3e84930) Importer(815301076,1909f56bfc062723c751e8b465ee728b)  -> (artifact id: '3ddb08ca0c3b7340955c5683e5503198') in 0.041805 seconds
  Import took 0.044679 seconds .

========================================================================
Received Import Request.
  Time since last request: 0.052094 seconds.
  path: Assets/Shotgun/Assets/Textures/Attachments/Attachments_Albedo.png
  artifactKey: Guid(5c173ab5d7ce7344a8f8e089d83156ee) Importer(815301076,1909f56bfc062723c751e8b465ee728b)
Start importing Assets/Shotgun/Assets/Textures/Attachments/Attachments_Albedo.png using Guid(5c173ab5d7ce7344a8f8e089d83156ee) Importer(815301076,1909f56bfc062723c751e8b465ee728b)  -> (artifact id: '23ec4ef1c1aa39fcf12a12ddd92fa66e') in 0.056412 seconds
  Import took 0.059491 seconds .

========================================================================
Received Import Request.
  Time since last request: 0.000273 seconds.
  path: Assets/Shotgun/Assets/Textures/Attachments/Attachments_AO.png
  artifactKey: Guid(fafdb2e20680d5248bf2170862530aa5) Importer(815301076,1909f56bfc062723c751e8b465ee728b)
Start importing Assets/Shotgun/Assets/Textures/Attachments/Attachments_AO.png using Guid(fafdb2e20680d5248bf2170862530aa5) Importer(815301076,1909f56bfc062723c751e8b465ee728b)  -> (artifact id: 'ac10efec5a3ccfb8919fe9bf53564076') in 0.054270 seconds
  Import took 0.056959 seconds .

========================================================================
Received Import Request.
  Time since last request: 0.000269 seconds.
  path: Assets/Shotgun/Assets/Textures/Attachments/Attachments_MetalSmooth.png
  artifactKey: Guid(f17c3017def24014888e64d27731419a) Importer(815301076,1909f56bfc062723c751e8b465ee728b)
Start importing Assets/Shotgun/Assets/Textures/Attachments/Attachments_MetalSmooth.png using Guid(f17c3017def24014888e64d27731419a) Importer(815301076,1909f56bfc062723c751e8b465ee728b)  -> (artifact id: '86fae3c38b7d88194794da99eb80cd4b') in 0.062497 seconds
  Import took 0.065123 seconds .

========================================================================
Received Import Request.
  Time since last request: 0.000279 seconds.
  path: Assets/Shotgun/Assets/Textures/Attachments/Attachments_AO.png
  artifactKey: Guid(fafdb2e20680d5248bf2170862530aa5) Importer(815301076,1909f56bfc062723c751e8b465ee728b)
Start importing Assets/Shotgun/Assets/Textures/Attachments/Attachments_AO.png using Guid(fafdb2e20680d5248bf2170862530aa5) Importer(815301076,1909f56bfc062723c751e8b465ee728b)  -> (artifact id: 'ac10efec5a3ccfb8919fe9bf53564076') in 0.052116 seconds
  Import took 0.054984 seconds .

========================================================================
Received Import Request.
  Time since last request: 0.000281 seconds.
  path: Assets/Shotgun/Assets/Textures/Attachments/Attachments_Norma.png
  artifactKey: Guid(7248130cab3112744b62f98bf85a77d0) Importer(815301076,1909f56bfc062723c751e8b465ee728b)
Start importing Assets/Shotgun/Assets/Textures/Attachments/Attachments_Norma.png using Guid(7248130cab3112744b62f98bf85a77d0) Importer(815301076,1909f56bfc062723c751e8b465ee728b)  -> (artifact id: 'e0e7cb20e73ba42415b3953c9773ffeb') in 0.057080 seconds
  Import took 0.059895 seconds .

========================================================================
Received Import Request.
  Time since last request: 10.185984 seconds.
  path: Assets/Shotgun/Assets/Textures/Shotgun/Shotgun_Albedo.PNG
  artifactKey: Guid(9f5913af8bbbe774d9458eac048480c5) Importer(815301076,1909f56bfc062723c751e8b465ee728b)
Start importing Assets/Shotgun/Assets/Textures/Shotgun/Shotgun_Albedo.PNG using Guid(9f5913af8bbbe774d9458eac048480c5) Importer(815301076,1909f56bfc062723c751e8b465ee728b)  -> (artifact id: 'd04f7c2fb4ac3c56487666c7ef9dcd20') in 0.054598 seconds
  Import took 0.057654 seconds .

========================================================================
Received Import Request.
  Time since last request: 0.000275 seconds.
  path: Assets/Shotgun/Assets/Textures/Shotgun/Shotgun_AO.png
  artifactKey: Guid(f4347617982765646b261c1618764f28) Importer(815301076,1909f56bfc062723c751e8b465ee728b)
Start importing Assets/Shotgun/Assets/Textures/Shotgun/Shotgun_AO.png using Guid(f4347617982765646b261c1618764f28) Importer(815301076,1909f56bfc062723c751e8b465ee728b)  -> (artifact id: '7830362f7daecfe079d895848cfe8916') in 0.053472 seconds
  Import took 0.056153 seconds .

========================================================================
Received Import Request.
  Time since last request: 0.000269 seconds.
  path: Assets/Shotgun/Assets/Textures/Shotgun/Shotgun_MetalSmooth.PNG
  artifactKey: Guid(487160b48a69b7649b256abd99ef6699) Importer(815301076,1909f56bfc062723c751e8b465ee728b)
Start importing Assets/Shotgun/Assets/Textures/Shotgun/Shotgun_MetalSmooth.PNG using Guid(487160b48a69b7649b256abd99ef6699) Importer(815301076,1909f56bfc062723c751e8b465ee728b)  -> (artifact id: '96465828135d401884407761455b878e') in 0.058719 seconds
  Import took 0.062067 seconds .

========================================================================
Received Import Request.
  Time since last request: 0.000307 seconds.
  path: Assets/Shotgun/Assets/Textures/Shotgun/Shotgun_Normal.PNG
  artifactKey: Guid(11b95aaa06fa33842bf789cc15c9d220) Importer(815301076,1909f56bfc062723c751e8b465ee728b)
Start importing Assets/Shotgun/Assets/Textures/Shotgun/Shotgun_Normal.PNG using Guid(11b95aaa06fa33842bf789cc15c9d220) Importer(815301076,1909f56bfc062723c751e8b465ee728b)  -> (artifact id: '645bf65f8857f9198cb549e7d0d332e4') in 0.059627 seconds
  Import took 0.062590 seconds .

========================================================================
Received Import Request.
  Time since last request: 55.847730 seconds.
  path: Assets/Materials/deb_Goblin01.mat
  artifactKey: Guid(d7fdc0cb67bd0f74aabf75a8fc6b926d) Importer(815301076,1909f56bfc062723c751e8b465ee728b)
Start importing Assets/Materials/deb_Goblin01.mat using Guid(d7fdc0cb67bd0f74aabf75a8fc6b926d) Importer(815301076,1909f56bfc062723c751e8b465ee728b)  -> (artifact id: 'd30e6064a91c1f35de76130f788e8b3e') in 0.087082 seconds
  Import took 0.090247 seconds .

========================================================================
Received Import Request.
  Time since last request: 0.000241 seconds.
  path: Assets/Materials/Floor.mat
  artifactKey: Guid(09d581f0e1a1cb241939141cc6d97a16) Importer(815301076,1909f56bfc062723c751e8b465ee728b)
Start importing Assets/Materials/Floor.mat using Guid(09d581f0e1a1cb241939141cc6d97a16) Importer(815301076,1909f56bfc062723c751e8b465ee728b)  -> (artifact id: '9ef14e100df50a72b669d14bafbe3d29') in 0.051011 seconds
  Import took 0.053761 seconds .

========================================================================
Received Import Request.
  Time since last request: 5.215079 seconds.
  path: Assets/Mesh/deb_Goblin01.FBX
  artifactKey: Guid(a0c20659838f8e147847eda60ff6bdb5) Importer(815301076,1909f56bfc062723c751e8b465ee728b)
Start importing Assets/Mesh/deb_Goblin01.FBX using Guid(a0c20659838f8e147847eda60ff6bdb5) Importer(815301076,1909f56bfc062723c751e8b465ee728b)  -> (artifact id: '5dd8ccbaf90e489e9f0d83de9d4b702c') in 0.085076 seconds
  Import took 0.088604 seconds .

========================================================================
Received Import Request.
  Time since last request: 12.468160 seconds.
  path: Assets/Rust Key/Materials
  artifactKey: Guid(1f4f8e580d5a7404dbb2b077e4cdc27c) Importer(815301076,1909f56bfc062723c751e8b465ee728b)
Start importing Assets/Rust Key/Materials using Guid(1f4f8e580d5a7404dbb2b077e4cdc27c) Importer(815301076,1909f56bfc062723c751e8b465ee728b)  -> (artifact id: '0f394c81ca5da903500f1a9dbc1109c2') in 0.043284 seconds
  Import took 0.046198 seconds .

========================================================================
Received Import Request.
  Time since last request: 0.036828 seconds.
  path: Assets/Rust Key/Materials/rust_key_autodesk.mat
  artifactKey: Guid(1a7c6b13b8983fa4bbfb1dbfbb5fef57) Importer(815301076,1909f56bfc062723c751e8b465ee728b)
Start importing Assets/Rust Key/Materials/rust_key_autodesk.mat using Guid(1a7c6b13b8983fa4bbfb1dbfbb5fef57) Importer(815301076,1909f56bfc062723c751e8b465ee728b)  -> (artifact id: '9fb0f0cc384dbd65540edc12a9557f3e') in 0.467897 seconds
  Import took 0.470961 seconds .

========================================================================
Received Import Request.
  Time since last request: 0.000304 seconds.
  path: Assets/Rust Key/Materials/rust_key_standard.mat
  artifactKey: Guid(c4ce38443ffac714c82a4b78c56ea38a) Importer(815301076,1909f56bfc062723c751e8b465ee728b)
Start importing Assets/Rust Key/Materials/rust_key_standard.mat using Guid(c4ce38443ffac714c82a4b78c56ea38a) Importer(815301076,1909f56bfc062723c751e8b465ee728b)  -> (artifact id: '8d77ac7a5ef77d7d79964e06c937221e') in 0.060184 seconds
  Import took 0.062920 seconds .

========================================================================
Received Import Request.
  Time since last request: 6.761428 seconds.
  path: Assets/Rust Key/Mesh/rust_key.FBX
  artifactKey: Guid(0669f3d8f4b119f418a4bbe061cc198f) Importer(815301076,1909f56bfc062723c751e8b465ee728b)
Start importing Assets/Rust Key/Mesh/rust_key.FBX using Guid(0669f3d8f4b119f418a4bbe061cc198f) Importer(815301076,1909f56bfc062723c751e8b465ee728b)  -> (artifact id: '77fd6a98cb0e82c66f6c61b7a733a6f7') in 0.063712 seconds
  Import took 0.066909 seconds .

========================================================================
Received Import Request.
  Time since last request: 3.461956 seconds.
  path: Assets/Rust Key/Prefabs/rust_key.prefab
  artifactKey: Guid(78df1db2fbc8ec64f949fac0c05bf693) Importer(815301076,1909f56bfc062723c751e8b465ee728b)
Start importing Assets/Rust Key/Prefabs/rust_key.prefab using Guid(78df1db2fbc8ec64f949fac0c05bf693) Importer(815301076,1909f56bfc062723c751e8b465ee728b)  -> (artifact id: '1b8ab50ff1aa02f5456053bd7476ae4d') in 0.059578 seconds
  Import took 0.063053 seconds .

========================================================================
Received Import Request.
  Time since last request: 4.042868 seconds.
  path: Assets/Rust Key/Textures/rust_key_Albedo.png
  artifactKey: Guid(5bd6483ca03c6af49819f42e9546af01) Importer(815301076,1909f56bfc062723c751e8b465ee728b)
Start importing Assets/Rust Key/Textures/rust_key_Albedo.png using Guid(5bd6483ca03c6af49819f42e9546af01) Importer(815301076,1909f56bfc062723c751e8b465ee728b)  -> (artifact id: '5515720845ed9add090bac4620125adb') in 0.049788 seconds
  Import took 0.052991 seconds .

========================================================================
Received Import Request.
  Time since last request: 0.000267 seconds.
  path: Assets/Rust Key/Textures/rust_key_Specular.png
  artifactKey: Guid(52677d52f236f71418c3f498e0fc9695) Importer(815301076,1909f56bfc062723c751e8b465ee728b)
Start importing Assets/Rust Key/Textures/rust_key_Specular.png using Guid(52677d52f236f71418c3f498e0fc9695) Importer(815301076,1909f56bfc062723c751e8b465ee728b)  -> (artifact id: 'bea88ceb039ee188b949eafde7df33a1') in 0.050035 seconds
  Import took 0.052776 seconds .

========================================================================
Received Import Request.
  Time since last request: 0.000309 seconds.
  path: Assets/Rust Key/Textures/rust_key_Roughness.png
  artifactKey: Guid(c72ad8a32b08a9147999f3928803c81e) Importer(815301076,1909f56bfc062723c751e8b465ee728b)
Start importing Assets/Rust Key/Textures/rust_key_Roughness.png using Guid(c72ad8a32b08a9147999f3928803c81e) Importer(815301076,1909f56bfc062723c751e8b465ee728b)  -> (artifact id: 'ab915d623bd28a1c2196c7ae8d3937df') in 0.072875 seconds
  Import took 0.075713 seconds .

========================================================================
Received Import Request.
  Time since last request: 0.000262 seconds.
  path: Assets/Rust Key/Textures/rust_key_Metalness.png
  artifactKey: Guid(ae3d3bc9a246cb74e918dba5a7fe89d7) Importer(815301076,1909f56bfc062723c751e8b465ee728b)
Start importing Assets/Rust Key/Textures/rust_key_Metalness.png using Guid(ae3d3bc9a246cb74e918dba5a7fe89d7) Importer(815301076,1909f56bfc062723c751e8b465ee728b)  -> (artifact id: '4ceaac87a325c9cb09564300535fe520') in 0.049662 seconds
  Import took 0.052555 seconds .

========================================================================
Received Import Request.
  Time since last request: 0.000309 seconds.
  path: Assets/Rust Key/Textures/rust_key_Normal.png
  artifactKey: Guid(c924f4719ce4d6242a0057ec80cf0758) Importer(815301076,1909f56bfc062723c751e8b465ee728b)
Start importing Assets/Rust Key/Textures/rust_key_Normal.png using Guid(c924f4719ce4d6242a0057ec80cf0758) Importer(815301076,1909f56bfc062723c751e8b465ee728b)  -> (artifact id: 'ddb51b5966d0e0c962f8b7a4ea6cbc00') in 0.051980 seconds
  Import took 0.054964 seconds .

========================================================================
Received Import Request.
  Time since last request: 146.228802 seconds.
  path: Assets/StylRocksMagic/StylRocksMagic_3dModels
  artifactKey: Guid(79434b755986cf74fbd3ea2bbdd6bfe8) Importer(815301076,1909f56bfc062723c751e8b465ee728b)
Start importing Assets/StylRocksMagic/StylRocksMagic_3dModels using Guid(79434b755986cf74fbd3ea2bbdd6bfe8) Importer(815301076,1909f56bfc062723c751e8b465ee728b)  -> (artifact id: '0b82a00e1a9deeb448710ac2a029d53d') in 0.043114 seconds
  Import took 0.046126 seconds .

========================================================================
Received Import Request.
  Time since last request: 0.053273 seconds.
  path: Assets/StylRocksMagic/StylRocksMagic_3dModels/StylRocksMagic_Unity_LOD0.fbx
  artifactKey: Guid(ba0f9b3d54f9cba4492f05a160a3dda8) Importer(815301076,1909f56bfc062723c751e8b465ee728b)
Start importing Assets/StylRocksMagic/StylRocksMagic_3dModels/StylRocksMagic_Unity_LOD0.fbx using Guid(ba0f9b3d54f9cba4492f05a160a3dda8) Importer(815301076,1909f56bfc062723c751e8b465ee728b)  -> (artifact id: '41efdeb73a898dc81bbe256fd4898e16') in 0.124701 seconds
  Import took 0.127879 seconds .

========================================================================
Received Import Request.
  Time since last request: 0.000258 seconds.
  path: Assets/StylRocksMagic/StylRocksMagic_3dModels/StylRocksMagic_Unity_LOD2.fbx
  artifactKey: Guid(c2f79e21e006fba4c8c77c508b688343) Importer(815301076,1909f56bfc062723c751e8b465ee728b)
Start importing Assets/StylRocksMagic/StylRocksMagic_3dModels/StylRocksMagic_Unity_LOD2.fbx using Guid(c2f79e21e006fba4c8c77c508b688343) Importer(815301076,1909f56bfc062723c751e8b465ee728b)  -> (artifact id: '2d442f350778b6dd9077d30dafe62860') in 0.157012 seconds
  Import took 0.159772 seconds .

========================================================================
Received Import Request.
  Time since last request: 0.000276 seconds.
  path: Assets/StylRocksMagic/StylRocksMagic_3dModels/StylRocksMagic_Unity_LOD1.fbx
  artifactKey: Guid(27b55ee0396242b44aa3724b40d8b698) Importer(815301076,1909f56bfc062723c751e8b465ee728b)
Start importing Assets/StylRocksMagic/StylRocksMagic_3dModels/StylRocksMagic_Unity_LOD1.fbx using Guid(27b55ee0396242b44aa3724b40d8b698) Importer(815301076,1909f56bfc062723c751e8b465ee728b)  -> (artifact id: 'ebb61720b5d9673e0bb456839a5d2aeb') in 0.127152 seconds
  Import took 0.129951 seconds .

========================================================================
Received Import Request.
  Time since last request: 15.333330 seconds.
  path: Assets/StylRocksMagic/StylRocksMagic_Prefabs/StylRocksMagic_1_LOD0.prefab
  artifactKey: Guid(2c2fd9cd7f114c3429836b1d2a17fe93) Importer(815301076,1909f56bfc062723c751e8b465ee728b)
Start importing Assets/StylRocksMagic/StylRocksMagic_Prefabs/StylRocksMagic_1_LOD0.prefab using Guid(2c2fd9cd7f114c3429836b1d2a17fe93) Importer(815301076,1909f56bfc062723c751e8b465ee728b)  -> (artifact id: 'bf37359fe273158b0a493fff60e9e0a7') in 0.082517 seconds
  Import took 0.086800 seconds .

========================================================================
Received Import Request.
  Time since last request: 0.000550 seconds.
  path: Assets/StylRocksMagic/StylRocksMagic_Prefabs/StylRocksMagic_1_LOD2.prefab
  artifactKey: Guid(f44ce0e119308e845951af39be68af45) Importer(815301076,1909f56bfc062723c751e8b465ee728b)
Start importing Assets/StylRocksMagic/StylRocksMagic_Prefabs/StylRocksMagic_1_LOD2.prefab using Guid(f44ce0e119308e845951af39be68af45) Importer(815301076,1909f56bfc062723c751e8b465ee728b)  -> (artifact id: 'b3ca8d01eed3b8b76cba8970673dcc52') in 0.090295 seconds
  Import took 0.094436 seconds .

========================================================================
Received Import Request.
  Time since last request: 0.000417 seconds.
  path: Assets/StylRocksMagic/StylRocksMagic_Prefabs/StylRocksMagic_1_LOD1.prefab
  artifactKey: Guid(82b6ef6930b6d6942a4c61f7fa80ee69) Importer(815301076,1909f56bfc062723c751e8b465ee728b)
Start importing Assets/StylRocksMagic/StylRocksMagic_Prefabs/StylRocksMagic_1_LOD1.prefab using Guid(82b6ef6930b6d6942a4c61f7fa80ee69) Importer(815301076,1909f56bfc062723c751e8b465ee728b)  -> (artifact id: '4ff3fe3e8ecbb64d4929bc79a6366f86') in 0.082615 seconds
  Import took 0.086428 seconds .

========================================================================
Received Import Request.
  Time since last request: 12.922446 seconds.
  path: Assets/StylRocksMagic/StylRocksMagic_TexturesMat/StylMagicRocks_AlbedoTransparency.tga
  artifactKey: Guid(db04750de3320e440b72eb7d8f5ab484) Importer(815301076,1909f56bfc062723c751e8b465ee728b)
Start importing Assets/StylRocksMagic/StylRocksMagic_TexturesMat/StylMagicRocks_AlbedoTransparency.tga using Guid(db04750de3320e440b72eb7d8f5ab484) Importer(815301076,1909f56bfc062723c751e8b465ee728b)  -> (artifact id: '147e7bf726605f2d41e4a82f220772a6') in 0.055650 seconds
  Import took 0.058775 seconds .

========================================================================
Received Import Request.
  Time since last request: 0.000281 seconds.
  path: Assets/StylRocksMagic/StylRocksMagic_TexturesMat/StylMagicRocks_Emissive.tga
  artifactKey: Guid(88013a4217f56554cb326c6e8094f8e5) Importer(815301076,1909f56bfc062723c751e8b465ee728b)
Start importing Assets/StylRocksMagic/StylRocksMagic_TexturesMat/StylMagicRocks_Emissive.tga using Guid(88013a4217f56554cb326c6e8094f8e5) Importer(815301076,1909f56bfc062723c751e8b465ee728b)  -> (artifact id: 'bf41169fd2d29b5969f46cd0a778a0f9') in 0.053804 seconds
  Import took 0.056511 seconds .

========================================================================
Received Import Request.
  Time since last request: 0.000266 seconds.
  path: Assets/StylRocksMagic/StylRocksMagic_TexturesMat/StylMagicRocks_MetallicSmoothness.tga
  artifactKey: Guid(24c79419008f930498c8992dd48037a4) Importer(815301076,1909f56bfc062723c751e8b465ee728b)
Start importing Assets/StylRocksMagic/StylRocksMagic_TexturesMat/StylMagicRocks_MetallicSmoothness.tga using Guid(24c79419008f930498c8992dd48037a4) Importer(815301076,1909f56bfc062723c751e8b465ee728b)  -> (artifact id: '2710e02184e28de45c94cf8dca81019e') in 0.061550 seconds
  Import took 0.064166 seconds .

========================================================================
Received Import Request.
  Time since last request: 0.000296 seconds.
  path: Assets/StylRocksMagic/StylRocksMagic_TexturesMat/StylMagicRocks_AmbientOcclusion.tga
  artifactKey: Guid(57842d81f5d85e34bb1ba3cd8c6aa729) Importer(815301076,1909f56bfc062723c751e8b465ee728b)
Start importing Assets/StylRocksMagic/StylRocksMagic_TexturesMat/StylMagicRocks_AmbientOcclusion.tga using Guid(57842d81f5d85e34bb1ba3cd8c6aa729) Importer(815301076,1909f56bfc062723c751e8b465ee728b)  -> (artifact id: 'ac6268f8f414b38612df1f861872492f') in 0.057079 seconds
  Import took 0.060346 seconds .

========================================================================
Received Import Request.
  Time since last request: 0.000275 seconds.
  path: Assets/StylRocksMagic/StylRocksMagic_TexturesMat/StylMagicRocks_NormalOpenGL.tga
  artifactKey: Guid(adf4ba81b2e699544ba3eaa5cf60eb73) Importer(815301076,1909f56bfc062723c751e8b465ee728b)
Start importing Assets/StylRocksMagic/StylRocksMagic_TexturesMat/StylMagicRocks_NormalOpenGL.tga using Guid(adf4ba81b2e699544ba3eaa5cf60eb73) Importer(815301076,1909f56bfc062723c751e8b465ee728b)  -> (artifact id: 'ffec861b61f5976d1a2189a5c636f054') in 0.058100 seconds
  Import took 0.060808 seconds .

========================================================================
Received Import Request.
  Time since last request: 0.000423 seconds.
  path: Assets/StylRocksMagic/StylRocksMagic_TexturesMat/StylMagicRocks_AmbientOcclusion.tga
  artifactKey: Guid(57842d81f5d85e34bb1ba3cd8c6aa729) Importer(815301076,1909f56bfc062723c751e8b465ee728b)
Start importing Assets/StylRocksMagic/StylRocksMagic_TexturesMat/StylMagicRocks_AmbientOcclusion.tga using Guid(57842d81f5d85e34bb1ba3cd8c6aa729) Importer(815301076,1909f56bfc062723c751e8b465ee728b)  -> (artifact id: 'ac6268f8f414b38612df1f861872492f') in 0.052460 seconds
  Import took 0.055254 seconds .

========================================================================
Received Import Request.
  Time since last request: 0.000253 seconds.
  path: Assets/StylRocksMagic/StylRocksMagic_TexturesMat/StylMagicRocks_NormalOpenGL.tga
  artifactKey: Guid(adf4ba81b2e699544ba3eaa5cf60eb73) Importer(815301076,1909f56bfc062723c751e8b465ee728b)
Start importing Assets/StylRocksMagic/StylRocksMagic_TexturesMat/StylMagicRocks_NormalOpenGL.tga using Guid(adf4ba81b2e699544ba3eaa5cf60eb73) Importer(815301076,1909f56bfc062723c751e8b465ee728b)  -> (artifact id: 'ffec861b61f5976d1a2189a5c636f054') in 0.056620 seconds
  Import took 0.059436 seconds .

========================================================================
Received Import Request.
  Time since last request: 0.000280 seconds.
  path: Assets/StylRocksMagic/StylRocksMagic_TexturesMat/StylRocksMagic_Mat.mat
  artifactKey: Guid(9c4f53c1d4f27f94fafe5e5b27da9d08) Importer(815301076,1909f56bfc062723c751e8b465ee728b)
Start importing Assets/StylRocksMagic/StylRocksMagic_TexturesMat/StylRocksMagic_Mat.mat using Guid(9c4f53c1d4f27f94fafe5e5b27da9d08) Importer(815301076,1909f56bfc062723c751e8b465ee728b)  -> (artifact id: '9f4424c37a0ff4a0d3357ef90c21f773') in 0.084999 seconds
  Import took 0.088704 seconds .

========================================================================
Received Import Request.
  Time since last request: 233.344634 seconds.
  path: Assets/Prefabs/Safe Ring.prefab
  artifactKey: Guid(21359c35835ef1c40823d5d8fcfcab2b) Importer(815301076,1909f56bfc062723c751e8b465ee728b)
Start importing Assets/Prefabs/Safe Ring.prefab using Guid(21359c35835ef1c40823d5d8fcfcab2b) Importer(815301076,1909f56bfc062723c751e8b465ee728b)  -> (artifact id: '0d254bc9eb3c88bc6248d12106b1fa6f') in 0.086063 seconds
  Import took 0.090693 seconds .

========================================================================
Received Import Request.
  Time since last request: 16.450616 seconds.
  path: Assets/Prefabs/Safe Ring.prefab
  artifactKey: Guid(21359c35835ef1c40823d5d8fcfcab2b) Importer(815301076,1909f56bfc062723c751e8b465ee728b)
Start importing Assets/Prefabs/Safe Ring.prefab using Guid(21359c35835ef1c40823d5d8fcfcab2b) Importer(815301076,1909f56bfc062723c751e8b465ee728b)  -> (artifact id: '9e4f1d3847d48ac0e9d654c00a0c4e5b') in 0.091830 seconds
  Import took 0.096263 seconds .

========================================================================
Received Import Request.
  Time since last request: 1.364774 seconds.
  path: Assets/Prefabs/Safe Ring.prefab
  artifactKey: Guid(21359c35835ef1c40823d5d8fcfcab2b) Importer(815301076,1909f56bfc062723c751e8b465ee728b)
Start importing Assets/Prefabs/Safe Ring.prefab using Guid(21359c35835ef1c40823d5d8fcfcab2b) Importer(815301076,1909f56bfc062723c751e8b465ee728b)  -> (artifact id: 'c08656cf09e850423cf798ab5e325863') in 0.079887 seconds
  Import took 0.084258 seconds .

========================================================================
Received Import Request.
  Time since last request: 0.509213 seconds.
  path: Assets/Prefabs/Safe Ring.prefab
  artifactKey: Guid(21359c35835ef1c40823d5d8fcfcab2b) Importer(815301076,1909f56bfc062723c751e8b465ee728b)
Start importing Assets/Prefabs/Safe Ring.prefab using Guid(21359c35835ef1c40823d5d8fcfcab2b) Importer(815301076,1909f56bfc062723c751e8b465ee728b)  -> (artifact id: '829209a79a5210526617ac86bd64070a') in 0.081570 seconds
  Import took 0.085798 seconds .

========================================================================
Received Import Request.
  Time since last request: 0.745284 seconds.
  path: Assets/Prefabs/Safe Ring.prefab
  artifactKey: Guid(21359c35835ef1c40823d5d8fcfcab2b) Importer(815301076,1909f56bfc062723c751e8b465ee728b)
Start importing Assets/Prefabs/Safe Ring.prefab using Guid(21359c35835ef1c40823d5d8fcfcab2b) Importer(815301076,1909f56bfc062723c751e8b465ee728b)  -> (artifact id: '5451caf5e356bdae2a64b5e996f186ff') in 0.079483 seconds
  Import took 0.083838 seconds .

========================================================================
Received Import Request.
  Time since last request: 0.705512 seconds.
  path: Assets/Prefabs/Safe Ring.prefab
  artifactKey: Guid(21359c35835ef1c40823d5d8fcfcab2b) Importer(815301076,1909f56bfc062723c751e8b465ee728b)
Start importing Assets/Prefabs/Safe Ring.prefab using Guid(21359c35835ef1c40823d5d8fcfcab2b) Importer(815301076,1909f56bfc062723c751e8b465ee728b)  -> (artifact id: 'a035c7e4a959f3358e609ea6f74f3ead') in 0.080798 seconds
  Import took 0.085126 seconds .

========================================================================
Received Import Request.
  Time since last request: 36.299828 seconds.
  path: Assets/Prefabs/Safe Ring.prefab
  artifactKey: Guid(21359c35835ef1c40823d5d8fcfcab2b) Importer(815301076,1909f56bfc062723c751e8b465ee728b)
Start importing Assets/Prefabs/Safe Ring.prefab using Guid(21359c35835ef1c40823d5d8fcfcab2b) Importer(815301076,1909f56bfc062723c751e8b465ee728b)  -> (artifact id: '31f509d31a42341f5a5108957116d3d1') in 0.091409 seconds
  Import took 0.095800 seconds .

========================================================================
Received Import Request.
  Time since last request: 5.585070 seconds.
  path: Assets/Prefabs/Safe Ring.prefab
  artifactKey: Guid(21359c35835ef1c40823d5d8fcfcab2b) Importer(815301076,1909f56bfc062723c751e8b465ee728b)
Start importing Assets/Prefabs/Safe Ring.prefab using Guid(21359c35835ef1c40823d5d8fcfcab2b) Importer(815301076,1909f56bfc062723c751e8b465ee728b)  -> (artifact id: '2fa6f6e959329a4a1660d7b5765b43f3') in 0.081006 seconds
  Import took 0.085226 seconds .

========================================================================
Received Import Request.
  Time since last request: 12.717111 seconds.
  path: Assets/Prefabs/Safe Ring.prefab
  artifactKey: Guid(21359c35835ef1c40823d5d8fcfcab2b) Importer(815301076,1909f56bfc062723c751e8b465ee728b)
Start importing Assets/Prefabs/Safe Ring.prefab using Guid(21359c35835ef1c40823d5d8fcfcab2b) Importer(815301076,1909f56bfc062723c751e8b465ee728b)  -> (artifact id: 'e6b045fce29e8ab67c8afef61daf7e03') in 0.083231 seconds
  Import took 0.087580 seconds .

========================================================================
Received Import Request.
  Time since last request: 6.212170 seconds.
  path: Assets/Prefabs/Safe Ring.prefab
  artifactKey: Guid(21359c35835ef1c40823d5d8fcfcab2b) Importer(815301076,1909f56bfc062723c751e8b465ee728b)
Start importing Assets/Prefabs/Safe Ring.prefab using Guid(21359c35835ef1c40823d5d8fcfcab2b) Importer(815301076,1909f56bfc062723c751e8b465ee728b)  -> (artifact id: '52804db95b5f6f0513617bdf2299e1d7') in 0.104236 seconds
  Import took 0.108598 seconds .

========================================================================
Received Import Request.
  Time since last request: 4.670611 seconds.
  path: Assets/Prefabs/Safe Ring.prefab
  artifactKey: Guid(21359c35835ef1c40823d5d8fcfcab2b) Importer(815301076,1909f56bfc062723c751e8b465ee728b)
Start importing Assets/Prefabs/Safe Ring.prefab using Guid(21359c35835ef1c40823d5d8fcfcab2b) Importer(815301076,1909f56bfc062723c751e8b465ee728b)  -> (artifact id: 'c13b86bf4415d7cd4b1cf3e4975b0a05') in 0.080186 seconds
  Import took 0.084434 seconds .

========================================================================
Received Import Request.
  Time since last request: 6.462519 seconds.
  path: Assets/Prefabs/Safe Ring.prefab
  artifactKey: Guid(21359c35835ef1c40823d5d8fcfcab2b) Importer(815301076,1909f56bfc062723c751e8b465ee728b)
Start importing Assets/Prefabs/Safe Ring.prefab using Guid(21359c35835ef1c40823d5d8fcfcab2b) Importer(815301076,1909f56bfc062723c751e8b465ee728b)  -> (artifact id: '6e09c124df1ebd2f0e4297a322af83fa') in 0.084218 seconds
  Import took 0.088529 seconds .

========================================================================
Received Import Request.
  Time since last request: 5.677389 seconds.
  path: Assets/Prefabs/Safe Ring.prefab
  artifactKey: Guid(21359c35835ef1c40823d5d8fcfcab2b) Importer(815301076,1909f56bfc062723c751e8b465ee728b)
Start importing Assets/Prefabs/Safe Ring.prefab using Guid(21359c35835ef1c40823d5d8fcfcab2b) Importer(815301076,1909f56bfc062723c751e8b465ee728b)  -> (artifact id: '60fd8d0712a5bf208a1efe5a663a501f') in 0.082955 seconds
  Import took 0.087324 seconds .

========================================================================
Received Import Request.
  Time since last request: 13.732162 seconds.
  path: Assets/Prefabs/Safe Ring.prefab
  artifactKey: Guid(21359c35835ef1c40823d5d8fcfcab2b) Importer(815301076,1909f56bfc062723c751e8b465ee728b)
Start importing Assets/Prefabs/Safe Ring.prefab using Guid(21359c35835ef1c40823d5d8fcfcab2b) Importer(815301076,1909f56bfc062723c751e8b465ee728b)  -> (artifact id: 'b4cf4b1ee72601418348aa04be9d84a1') in 0.081899 seconds
  Import took 0.086132 seconds .

========================================================================
Received Import Request.
  Time since last request: 9.830180 seconds.
  path: Assets/Prefabs/Safe Ring.prefab
  artifactKey: Guid(21359c35835ef1c40823d5d8fcfcab2b) Importer(815301076,1909f56bfc062723c751e8b465ee728b)
Start importing Assets/Prefabs/Safe Ring.prefab using Guid(21359c35835ef1c40823d5d8fcfcab2b) Importer(815301076,1909f56bfc062723c751e8b465ee728b)  -> (artifact id: '6bf2897fef1e9c300544eed49b408840') in 0.082561 seconds
  Import took 0.086992 seconds .

========================================================================
Received Import Request.
  Time since last request: 4.182388 seconds.
  path: Assets/Prefabs/Safe Ring.prefab
  artifactKey: Guid(21359c35835ef1c40823d5d8fcfcab2b) Importer(815301076,1909f56bfc062723c751e8b465ee728b)
Start importing Assets/Prefabs/Safe Ring.prefab using Guid(21359c35835ef1c40823d5d8fcfcab2b) Importer(815301076,1909f56bfc062723c751e8b465ee728b)  -> (artifact id: '0b90115eee16da8649a06dabd683390d') in 0.085715 seconds
  Import took 0.090057 seconds .

========================================================================
Received Import Request.
  Time since last request: 3.158173 seconds.
  path: Assets/Prefabs/Safe Ring.prefab
  artifactKey: Guid(21359c35835ef1c40823d5d8fcfcab2b) Importer(815301076,1909f56bfc062723c751e8b465ee728b)
Start importing Assets/Prefabs/Safe Ring.prefab using Guid(21359c35835ef1c40823d5d8fcfcab2b) Importer(815301076,1909f56bfc062723c751e8b465ee728b)  -> (artifact id: 'd200144afde3ceb9ececac0146160008') in 0.084265 seconds
  Import took 0.088527 seconds .

========================================================================
Received Import Request.
  Time since last request: 4.329523 seconds.
  path: Assets/Prefabs/Safe Ring.prefab
  artifactKey: Guid(21359c35835ef1c40823d5d8fcfcab2b) Importer(815301076,1909f56bfc062723c751e8b465ee728b)
Start importing Assets/Prefabs/Safe Ring.prefab using Guid(21359c35835ef1c40823d5d8fcfcab2b) Importer(815301076,1909f56bfc062723c751e8b465ee728b)  -> (artifact id: '65e27e14834cfc4e331146672fffb15a') in 0.082032 seconds
  Import took 0.086406 seconds .

========================================================================
Received Import Request.
  Time since last request: 4.911759 seconds.
  path: Assets/Prefabs/Safe Ring.prefab
  artifactKey: Guid(21359c35835ef1c40823d5d8fcfcab2b) Importer(815301076,1909f56bfc062723c751e8b465ee728b)
Start importing Assets/Prefabs/Safe Ring.prefab using Guid(21359c35835ef1c40823d5d8fcfcab2b) Importer(815301076,1909f56bfc062723c751e8b465ee728b)  -> (artifact id: '0e9a8a49c5166ff258da3c3b1254e22b') in 0.079698 seconds
  Import took 0.084394 seconds .

========================================================================
Received Import Request.
  Time since last request: 9.920049 seconds.
  path: Assets/Prefabs/Safe Ring.prefab
  artifactKey: Guid(21359c35835ef1c40823d5d8fcfcab2b) Importer(815301076,1909f56bfc062723c751e8b465ee728b)
Start importing Assets/Prefabs/Safe Ring.prefab using Guid(21359c35835ef1c40823d5d8fcfcab2b) Importer(815301076,1909f56bfc062723c751e8b465ee728b)  -> (artifact id: '8b7c9a47af2fd538b02e87ca54f30e81') in 0.081825 seconds
  Import took 0.086353 seconds .

========================================================================
Received Import Request.
  Time since last request: 3.605720 seconds.
  path: Assets/Prefabs/Safe Ring.prefab
  artifactKey: Guid(21359c35835ef1c40823d5d8fcfcab2b) Importer(815301076,1909f56bfc062723c751e8b465ee728b)
Start importing Assets/Prefabs/Safe Ring.prefab using Guid(21359c35835ef1c40823d5d8fcfcab2b) Importer(815301076,1909f56bfc062723c751e8b465ee728b)  -> (artifact id: 'e90e872ae6d897f212fdbbb8f0ab34cb') in 0.080895 seconds
  Import took 0.085250 seconds .

========================================================================
Received Import Request.
  Time since last request: 8.220788 seconds.
  path: Assets/Prefabs/Safe Ring.prefab
  artifactKey: Guid(21359c35835ef1c40823d5d8fcfcab2b) Importer(815301076,1909f56bfc062723c751e8b465ee728b)
Start importing Assets/Prefabs/Safe Ring.prefab using Guid(21359c35835ef1c40823d5d8fcfcab2b) Importer(815301076,1909f56bfc062723c751e8b465ee728b)  -> (artifact id: 'cea21b89013302af5012714750321f7e') in 0.081852 seconds
  Import took 0.086294 seconds .

========================================================================
Received Import Request.
  Time since last request: 4.993937 seconds.
  path: Assets/Prefabs/Safe Ring.prefab
  artifactKey: Guid(21359c35835ef1c40823d5d8fcfcab2b) Importer(815301076,1909f56bfc062723c751e8b465ee728b)
Start importing Assets/Prefabs/Safe Ring.prefab using Guid(21359c35835ef1c40823d5d8fcfcab2b) Importer(815301076,1909f56bfc062723c751e8b465ee728b)  -> (artifact id: '64e81fe9aaeb6c45495ce1f00972adb7') in 0.080389 seconds
  Import took 0.084784 seconds .

========================================================================
Received Import Request.
  Time since last request: 6.813416 seconds.
  path: Assets/Prefabs/Safe Ring.prefab
  artifactKey: Guid(21359c35835ef1c40823d5d8fcfcab2b) Importer(815301076,1909f56bfc062723c751e8b465ee728b)
Start importing Assets/Prefabs/Safe Ring.prefab using Guid(21359c35835ef1c40823d5d8fcfcab2b) Importer(815301076,1909f56bfc062723c751e8b465ee728b)  -> (artifact id: 'eaafc808c4e2ee8d55bafa3b570a0918') in 0.080274 seconds
  Import took 0.084691 seconds .

========================================================================
Received Import Request.
  Time since last request: 9.713682 seconds.
  path: Assets/Prefabs/Safe Ring.prefab
  artifactKey: Guid(21359c35835ef1c40823d5d8fcfcab2b) Importer(815301076,1909f56bfc062723c751e8b465ee728b)
Start importing Assets/Prefabs/Safe Ring.prefab using Guid(21359c35835ef1c40823d5d8fcfcab2b) Importer(815301076,1909f56bfc062723c751e8b465ee728b)  -> (artifact id: '70a3351a94af5ff28162a43a49209916') in 0.087249 seconds
  Import took 0.091493 seconds .

========================================================================
Received Import Request.
  Time since last request: 13.556035 seconds.
  path: Assets/Prefabs/Safe Ring.prefab
  artifactKey: Guid(21359c35835ef1c40823d5d8fcfcab2b) Importer(815301076,1909f56bfc062723c751e8b465ee728b)
Start importing Assets/Prefabs/Safe Ring.prefab using Guid(21359c35835ef1c40823d5d8fcfcab2b) Importer(815301076,1909f56bfc062723c751e8b465ee728b)  -> (artifact id: 'de0f7a13f0be15e8261e9ebb9f030de1') in 0.081649 seconds
  Import took 0.086072 seconds .

========================================================================
Received Import Request.
  Time since last request: 6.889544 seconds.
  path: Assets/Prefabs/Safe Ring.prefab
  artifactKey: Guid(21359c35835ef1c40823d5d8fcfcab2b) Importer(815301076,1909f56bfc062723c751e8b465ee728b)
Start importing Assets/Prefabs/Safe Ring.prefab using Guid(21359c35835ef1c40823d5d8fcfcab2b) Importer(815301076,1909f56bfc062723c751e8b465ee728b)  -> (artifact id: '537aa9fca3a3303c455bbb479567b45d') in 0.080621 seconds
  Import took 0.085032 seconds .

========================================================================
Received Import Request.
  Time since last request: 4.428601 seconds.
  path: Assets/Prefabs/Safe Ring.prefab
  artifactKey: Guid(21359c35835ef1c40823d5d8fcfcab2b) Importer(815301076,1909f56bfc062723c751e8b465ee728b)
Start importing Assets/Prefabs/Safe Ring.prefab using Guid(21359c35835ef1c40823d5d8fcfcab2b) Importer(815301076,1909f56bfc062723c751e8b465ee728b)  -> (artifact id: 'a3cd1848d9c938a858b3bf79bebc9115') in 0.080183 seconds
  Import took 0.084603 seconds .

========================================================================
Received Import Request.
  Time since last request: 10.334796 seconds.
  path: Assets/Prefabs/Safe Ring.prefab
  artifactKey: Guid(21359c35835ef1c40823d5d8fcfcab2b) Importer(815301076,1909f56bfc062723c751e8b465ee728b)
Start importing Assets/Prefabs/Safe Ring.prefab using Guid(21359c35835ef1c40823d5d8fcfcab2b) Importer(815301076,1909f56bfc062723c751e8b465ee728b)  -> (artifact id: '76baccda914974741257b333940e1ca0') in 0.084746 seconds
  Import took 0.089573 seconds .

========================================================================
Received Import Request.
  Time since last request: 7.604407 seconds.
  path: Assets/Prefabs/Safe Ring.prefab
  artifactKey: Guid(21359c35835ef1c40823d5d8fcfcab2b) Importer(815301076,1909f56bfc062723c751e8b465ee728b)
Start importing Assets/Prefabs/Safe Ring.prefab using Guid(21359c35835ef1c40823d5d8fcfcab2b) Importer(815301076,1909f56bfc062723c751e8b465ee728b)  -> (artifact id: '1b27f57347c7829e4b51457ad0685914') in 0.080085 seconds
  Import took 0.084342 seconds .

========================================================================
Received Import Request.
  Time since last request: 5.524425 seconds.
  path: Assets/Prefabs/Safe Ring.prefab
  artifactKey: Guid(21359c35835ef1c40823d5d8fcfcab2b) Importer(815301076,1909f56bfc062723c751e8b465ee728b)
Start importing Assets/Prefabs/Safe Ring.prefab using Guid(21359c35835ef1c40823d5d8fcfcab2b) Importer(815301076,1909f56bfc062723c751e8b465ee728b)  -> (artifact id: '0394129379f83fbc32798021e896f6fe') in 0.082745 seconds
  Import took 0.087115 seconds .

========================================================================
Received Import Request.
  Time since last request: 9.068754 seconds.
  path: Assets/Prefabs/Safe Ring.prefab
  artifactKey: Guid(21359c35835ef1c40823d5d8fcfcab2b) Importer(815301076,1909f56bfc062723c751e8b465ee728b)
Start importing Assets/Prefabs/Safe Ring.prefab using Guid(21359c35835ef1c40823d5d8fcfcab2b) Importer(815301076,1909f56bfc062723c751e8b465ee728b)  -> (artifact id: 'cdb18c6ea58f0a3b6b326ae8667fbf4a') in 0.083498 seconds
  Import took 0.087752 seconds .

========================================================================
Received Import Request.
  Time since last request: 10.878109 seconds.
  path: Assets/Prefabs/Safe Ring.prefab
  artifactKey: Guid(21359c35835ef1c40823d5d8fcfcab2b) Importer(815301076,1909f56bfc062723c751e8b465ee728b)
Start importing Assets/Prefabs/Safe Ring.prefab using Guid(21359c35835ef1c40823d5d8fcfcab2b) Importer(815301076,1909f56bfc062723c751e8b465ee728b)  -> (artifact id: 'd544e38d4b06a294635a60a135d2c808') in 0.080379 seconds
  Import took 0.084776 seconds .

========================================================================
Received Prepare
Registering precompiled user dll's ...
Registered in 0.012727 seconds.
Begin MonoManager ReloadAssembly
Native extension for WindowsStandalone target not found
Refreshing native plugins compatible for Editor in 0.45 ms, found 0 plugins.
Preloading 0 native plugins for Editor in 0.00 ms.
Mono: successfully reloaded assembly
- Completed reload, in  1.199 seconds
Platform modules already initialized, skipping
Refreshing native plugins compatible for Editor in 0.43 ms, found 0 plugins.
Preloading 0 native plugins for Editor in 0.00 ms.
Unloading 1113 Unused Serialized files (Serialized files now loaded: 0)
System memory in use before: 96.4 MB.
System memory in use after: 96.5 MB.

Unloading 8 unused Assets to reduce memory usage. Loaded Objects now: 1654.
Total: 3.597425 ms (FindLiveObjects: 0.406624 ms CreateObjectMapping: 0.084195 ms MarkObjects: 2.890697 ms  DeleteObjects: 0.214315 ms)

========================================================================
Received Prepare
Registering precompiled user dll's ...
Registered in 0.001473 seconds.
Begin MonoManager ReloadAssembly
Native extension for WindowsStandalone target not found
Refreshing native plugins compatible for Editor in 0.44 ms, found 0 plugins.
Preloading 0 native plugins for Editor in 0.00 ms.
Mono: successfully reloaded assembly
- Completed reload, in  1.203 seconds
Platform modules already initialized, skipping
Refreshing native plugins compatible for Editor in 0.49 ms, found 0 plugins.
Preloading 0 native plugins for Editor in 0.00 ms.
Unloading 1113 Unused Serialized files (Serialized files now loaded: 0)
System memory in use before: 96.5 MB.
System memory in use after: 96.5 MB.

Unloading 5 unused Assets to reduce memory usage. Loaded Objects now: 1657.
Total: 3.402565 ms (FindLiveObjects: 0.389721 ms CreateObjectMapping: 0.073671 ms MarkObjects: 2.753561 ms  DeleteObjects: 0.184017 ms)

========================================================================
Received Import Request.
  Time since last request: 3931.764649 seconds.
  path: Assets/Prefabs/Safe Ring Variant.prefab
  artifactKey: Guid(0ea33a74aaf731042aafc7763e819856) Importer(815301076,1909f56bfc062723c751e8b465ee728b)
Start importing Assets/Prefabs/Safe Ring Variant.prefab using Guid(0ea33a74aaf731042aafc7763e819856) Importer(815301076,1909f56bfc062723c751e8b465ee728b)  -> (artifact id: '21895d5adbe4fba9076fa5536652aa6a') in 0.155995 seconds
  Import took 0.160642 seconds .

========================================================================
Received Import Request.
  Time since last request: 716.046312 seconds.
  path: Assets/Stylized_Human_Male/Animations
  artifactKey: Guid(57285564e36e8174ebc22301def24f66) Importer(815301076,1909f56bfc062723c751e8b465ee728b)
Start importing Assets/Stylized_Human_Male/Animations using Guid(57285564e36e8174ebc22301def24f66) Importer(815301076,1909f56bfc062723c751e8b465ee728b)  -> (artifact id: '3c9c0cdbfd7b0f070ab9b97d37385f00') in 0.047356 seconds
  Import took 0.050718 seconds .

========================================================================
Received Import Request.
  Time since last request: 0.026008 seconds.
  path: Assets/Stylized_Human_Male/Animations
  artifactKey: Guid(57285564e36e8174ebc22301def24f66) Importer(815301076,1909f56bfc062723c751e8b465ee728b)
Start importing Assets/Stylized_Human_Male/Animations using Guid(57285564e36e8174ebc22301def24f66) Importer(815301076,1909f56bfc062723c751e8b465ee728b)  -> (artifact id: '3c9c0cdbfd7b0f070ab9b97d37385f00') in 0.053747 seconds
  Import took 0.058231 seconds .

========================================================================
Received Import Request.
  Time since last request: 0.004959 seconds.
  path: Assets/Stylized_Human_Male/Animations/Anim_Get_Hit2.fbx
  artifactKey: Guid(b9f5d18c94577cf4aa405c67cb4905c5) Importer(815301076,1909f56bfc062723c751e8b465ee728b)
Start importing Assets/Stylized_Human_Male/Animations/Anim_Get_Hit2.fbx using Guid(b9f5d18c94577cf4aa405c67cb4905c5) Importer(815301076,1909f56bfc062723c751e8b465ee728b)  -> (artifact id: '5db6496e35b0bc01c20395f21673e6de') in 0.082012 seconds
  Import took 0.085594 seconds .

========================================================================
Received Import Request.
  Time since last request: 0.000687 seconds.
  path: Assets/Stylized_Human_Male/Animations/Anim_Stels_Walk.fbx
  artifactKey: Guid(1d5114c24e0aafa4ca9481e2ae8735d3) Importer(815301076,1909f56bfc062723c751e8b465ee728b)
Start importing Assets/Stylized_Human_Male/Animations/Anim_Stels_Walk.fbx using Guid(1d5114c24e0aafa4ca9481e2ae8735d3) Importer(815301076,1909f56bfc062723c751e8b465ee728b)  -> (artifact id: '242537028d7fe0a9f9b9654e594e9e52') in 0.071768 seconds
  Import took 0.092803 seconds .

========================================================================
Received Import Request.
  Time since last request: 0.000542 seconds.
  path: Assets/Stylized_Human_Male/Animations/Anim_Jump.fbx
  artifactKey: Guid(f143fd99b228e26438a1cd386662e0c8) Importer(815301076,1909f56bfc062723c751e8b465ee728b)
Start importing Assets/Stylized_Human_Male/Animations/Anim_Jump.fbx using Guid(f143fd99b228e26438a1cd386662e0c8) Importer(815301076,1909f56bfc062723c751e8b465ee728b)  -> (artifact id: '9686d7ddc0e6094717f663f88364517e') in 0.070812 seconds
  Import took 0.087517 seconds .

========================================================================
Received Import Request.
  Time since last request: 0.002737 seconds.
  path: Assets/Stylized_Human_Male/Animations/Anim_Get_Hit1.fbx
  artifactKey: Guid(dc5b8102a4936aa44bedcb0bb5388e9b) Importer(815301076,1909f56bfc062723c751e8b465ee728b)
Start importing Assets/Stylized_Human_Male/Animations/Anim_Get_Hit1.fbx using Guid(dc5b8102a4936aa44bedcb0bb5388e9b) Importer(815301076,1909f56bfc062723c751e8b465ee728b)  -> (artifact id: '441fb2d1e80c6f70dda0cbee0f3e8ef3') in 0.171270 seconds
  Import took 0.179444 seconds .

========================================================================
Received Import Request.
  Time since last request: 0.002748 seconds.
  path: Assets/Stylized_Human_Male/Animations/Anim_Walk.fbx
  artifactKey: Guid(11ce0aecec39d5a4a8643fd3d7342a9a) Importer(815301076,1909f56bfc062723c751e8b465ee728b)
Start importing Assets/Stylized_Human_Male/Animations/Anim_Walk.fbx using Guid(11ce0aecec39d5a4a8643fd3d7342a9a) Importer(815301076,1909f56bfc062723c751e8b465ee728b)  -> (artifact id: 'e55d14ddb8930cb1ec11ac0979de52bb') in 0.057874 seconds
  Import took 0.066054 seconds .

========================================================================
Received Import Request.
  Time since last request: 0.003149 seconds.
  path: Assets/Stylized_Human_Male/Animations/Anim_Rest2.fbx
  artifactKey: Guid(003cb92558f41a0499353e3383083b6c) Importer(815301076,1909f56bfc062723c751e8b465ee728b)
Start importing Assets/Stylized_Human_Male/Animations/Anim_Rest2.fbx using Guid(003cb92558f41a0499353e3383083b6c) Importer(815301076,1909f56bfc062723c751e8b465ee728b)  -> (artifact id: '86b3999e0e7b7e3e929a41315dcb56b3') in 0.065795 seconds
  Import took 0.070313 seconds .

========================================================================
Received Import Request.
  Time since last request: 0.000285 seconds.
  path: Assets/Stylized_Human_Male/Animations/Anim_Stels_Walk_Right.fbx
  artifactKey: Guid(6b33528a3ebbcde4f94ef434851e3012) Importer(815301076,1909f56bfc062723c751e8b465ee728b)
Start importing Assets/Stylized_Human_Male/Animations/Anim_Stels_Walk_Right.fbx using Guid(6b33528a3ebbcde4f94ef434851e3012) Importer(815301076,1909f56bfc062723c751e8b465ee728b)  -> (artifact id: '051c46609c65234c7539950cf0df7d5a') in 0.064339 seconds
  Import took 0.068480 seconds .

========================================================================
Received Import Request.
  Time since last request: 0.000233 seconds.
  path: Assets/Stylized_Human_Male/Animations/Anim_Walk_Left.fbx
  artifactKey: Guid(2f808e4922707f247a9d35987e172b25) Importer(815301076,1909f56bfc062723c751e8b465ee728b)
Start importing Assets/Stylized_Human_Male/Animations/Anim_Walk_Left.fbx using Guid(2f808e4922707f247a9d35987e172b25) Importer(815301076,1909f56bfc062723c751e8b465ee728b)  -> (artifact id: 'ce0ee28dbc8c771cccf857c06f4cc0eb') in 0.050516 seconds
  Import took 0.054004 seconds .

========================================================================
Received Import Request.
  Time since last request: 0.000278 seconds.
  path: Assets/Stylized_Human_Male/Animations/Anim_Stels_Walk_Back.fbx
  artifactKey: Guid(6257919018b9ccc47bea508d5395a92b) Importer(815301076,1909f56bfc062723c751e8b465ee728b)
Start importing Assets/Stylized_Human_Male/Animations/Anim_Stels_Walk_Back.fbx using Guid(6257919018b9ccc47bea508d5395a92b) Importer(815301076,1909f56bfc062723c751e8b465ee728b)  -> (artifact id: 'a23c8c3b6e7fdf372edd017de2dad2c7') in 0.052545 seconds
  Import took 0.056632 seconds .

========================================================================
Received Import Request.
  Time since last request: 0.000328 seconds.
  path: Assets/Stylized_Human_Male/Animations/Anim_Walk_Right.fbx
  artifactKey: Guid(d829ac4d4518198468c3396cfff574ce) Importer(815301076,1909f56bfc062723c751e8b465ee728b)
Start importing Assets/Stylized_Human_Male/Animations/Anim_Walk_Right.fbx using Guid(d829ac4d4518198468c3396cfff574ce) Importer(815301076,1909f56bfc062723c751e8b465ee728b)  -> (artifact id: '94eceba4ece6591593607535dfb3e350') in 0.057860 seconds
  Import took 0.063631 seconds .

========================================================================
Received Import Request.
  Time since last request: 0.000255 seconds.
  path: Assets/Stylized_Human_Male/Animations/Anim_Take.fbx
  artifactKey: Guid(0ae8beb51f4e1134e95d7be85a700d4c) Importer(815301076,1909f56bfc062723c751e8b465ee728b)
Start importing Assets/Stylized_Human_Male/Animations/Anim_Take.fbx using Guid(0ae8beb51f4e1134e95d7be85a700d4c) Importer(815301076,1909f56bfc062723c751e8b465ee728b)  -> (artifact id: '75a99effb1b767545990a50fd78a8fca') in 0.060930 seconds
  Import took 0.065369 seconds .

========================================================================
Received Import Request.
  Time since last request: 0.000333 seconds.
  path: Assets/Stylized_Human_Male/Animations/Anim_Rest1.fbx
  artifactKey: Guid(8c58fe01532755947901b95aa7778dec) Importer(815301076,1909f56bfc062723c751e8b465ee728b)
Start importing Assets/Stylized_Human_Male/Animations/Anim_Rest1.fbx using Guid(8c58fe01532755947901b95aa7778dec) Importer(815301076,1909f56bfc062723c751e8b465ee728b)  -> (artifact id: 'f75161d8eb285da85f35c5f7811a2e9f') in 0.051870 seconds
  Import took 0.055507 seconds .

========================================================================
Received Import Request.
  Time since last request: 0.000401 seconds.
  path: Assets/Stylized_Human_Male/Animations/Anim_Kick1.fbx
  artifactKey: Guid(90d69a39fa07a98439039229e2158a28) Importer(815301076,1909f56bfc062723c751e8b465ee728b)
Start importing Assets/Stylized_Human_Male/Animations/Anim_Kick1.fbx using Guid(90d69a39fa07a98439039229e2158a28) Importer(815301076,1909f56bfc062723c751e8b465ee728b)  -> (artifact id: 'cd6a74c5ff5aaafdb8a1cc1230dd9c70') in 0.056911 seconds
  Import took 0.060308 seconds .

========================================================================
Received Import Request.
  Time since last request: 0.000292 seconds.
  path: Assets/Stylized_Human_Male/Animations/Anim_Stels_Walk_Left.fbx
  artifactKey: Guid(2f9b79de93e84d8458aefce25c4d0f84) Importer(815301076,1909f56bfc062723c751e8b465ee728b)
Start importing Assets/Stylized_Human_Male/Animations/Anim_Stels_Walk_Left.fbx using Guid(2f9b79de93e84d8458aefce25c4d0f84) Importer(815301076,1909f56bfc062723c751e8b465ee728b)  -> (artifact id: 'c6a52fa09e5e4b1075f83e44c711c667') in 0.052366 seconds
  Import took 0.055590 seconds .

========================================================================
Received Import Request.
  Time since last request: 0.000270 seconds.
  path: Assets/Stylized_Human_Male/Animations/Anim_Run.fbx
  artifactKey: Guid(e7392901486ddc14e96926e1057b4c58) Importer(815301076,1909f56bfc062723c751e8b465ee728b)
Start importing Assets/Stylized_Human_Male/Animations/Anim_Run.fbx using Guid(e7392901486ddc14e96926e1057b4c58) Importer(815301076,1909f56bfc062723c751e8b465ee728b)  -> (artifact id: '4eb2987ef967a5d77a0b64d06a7f65fd') in 0.064269 seconds
  Import took 0.067880 seconds .

========================================================================
Received Import Request.
  Time since last request: 0.000294 seconds.
  path: Assets/Stylized_Human_Male/Animations/Anim_Walk_Back.fbx
  artifactKey: Guid(e8e72f8b2cf8d4b45aba0de91b7bd510) Importer(815301076,1909f56bfc062723c751e8b465ee728b)
Start importing Assets/Stylized_Human_Male/Animations/Anim_Walk_Back.fbx using Guid(e8e72f8b2cf8d4b45aba0de91b7bd510) Importer(815301076,1909f56bfc062723c751e8b465ee728b)  -> (artifact id: '4f018acf5b20b6cfc83e58f1e5efcdc7') in 0.053564 seconds
  Import took 0.056698 seconds .

========================================================================
Received Import Request.
  Time since last request: 0.000274 seconds.
  path: Assets/Stylized_Human_Male/Animations/Anim_Death1.fbx
  artifactKey: Guid(0f85a3682f156d647b99d3aaa784ca61) Importer(815301076,1909f56bfc062723c751e8b465ee728b)
Start importing Assets/Stylized_Human_Male/Animations/Anim_Death1.fbx using Guid(0f85a3682f156d647b99d3aaa784ca61) Importer(815301076,1909f56bfc062723c751e8b465ee728b)  -> (artifact id: '2c7150f1aebcd1142ddbfa74a8c9ff84') in 0.054162 seconds
  Import took 0.058116 seconds .

========================================================================
Received Import Request.
  Time since last request: 0.000530 seconds.
  path: Assets/Stylized_Human_Male/Animations/Anim_Kick2.fbx
  artifactKey: Guid(c895478758e6c9341a25ce20f752802c) Importer(815301076,1909f56bfc062723c751e8b465ee728b)
Start importing Assets/Stylized_Human_Male/Animations/Anim_Kick2.fbx using Guid(c895478758e6c9341a25ce20f752802c) Importer(815301076,1909f56bfc062723c751e8b465ee728b)  -> (artifact id: '36766fe94ed3f28d13833c6034930ba2') in 0.058100 seconds
  Import took 0.063117 seconds .

========================================================================
Received Import Request.
  Time since last request: 0.000257 seconds.
  path: Assets/Stylized_Human_Male/Animations/Anim_Death2.fbx
  artifactKey: Guid(ef9bca24a7271c94688e52f30a4c4f03) Importer(815301076,1909f56bfc062723c751e8b465ee728b)
Start importing Assets/Stylized_Human_Male/Animations/Anim_Death2.fbx using Guid(ef9bca24a7271c94688e52f30a4c4f03) Importer(815301076,1909f56bfc062723c751e8b465ee728b)  -> (artifact id: 'cbbcf029c839a32b8c3716a691724256') in 0.055732 seconds
  Import took 0.059014 seconds .

========================================================================
Received Import Request.
  Time since last request: 1722.434476 seconds.
  path: Assets/Stylized_Human_Male/Prefab
  artifactKey: Guid(9559af876a622b146ab858a61e00aac8) Importer(815301076,1909f56bfc062723c751e8b465ee728b)
Start importing Assets/Stylized_Human_Male/Prefab using Guid(9559af876a622b146ab858a61e00aac8) Importer(815301076,1909f56bfc062723c751e8b465ee728b)  -> (artifact id: '883b4526cabb2956baa418187dfb6d96') in 0.047542 seconds
  Import took 0.051185 seconds .

========================================================================
Received Import Request.
  Time since last request: 0.023597 seconds.
  path: Assets/Stylized_Human_Male/Prefab
  artifactKey: Guid(9559af876a622b146ab858a61e00aac8) Importer(815301076,1909f56bfc062723c751e8b465ee728b)
Start importing Assets/Stylized_Human_Male/Prefab using Guid(9559af876a622b146ab858a61e00aac8) Importer(815301076,1909f56bfc062723c751e8b465ee728b)  -> (artifact id: '883b4526cabb2956baa418187dfb6d96') in 0.058229 seconds
  Import took 0.068615 seconds .

========================================================================
Received Import Request.
  Time since last request: 4.328702 seconds.
  path: Assets/Stylized_Human_Male/Prefab/Stylized_Human_Male_1_Skin Variant.prefab
  artifactKey: Guid(6c8863011b2c4d4448fcc4c0b2c5d479) Importer(815301076,1909f56bfc062723c751e8b465ee728b)
Start importing Assets/Stylized_Human_Male/Prefab/Stylized_Human_Male_1_Skin Variant.prefab using Guid(6c8863011b2c4d4448fcc4c0b2c5d479) Importer(815301076,1909f56bfc062723c751e8b465ee728b)  -> (artifact id: 'e054151c6c165888015bda1e34e16c01') in 1.132768 seconds
  Import took 1.168484 seconds .

========================================================================
Received Prepare
Registering precompiled user dll's ...
Registered in 0.005232 seconds.
Begin MonoManager ReloadAssembly
Native extension for WindowsStandalone target not found
Refreshing native plugins compatible for Editor in 0.42 ms, found 0 plugins.
Preloading 0 native plugins for Editor in 0.00 ms.
Mono: successfully reloaded assembly
- Completed reload, in  1.262 seconds
Platform modules already initialized, skipping
Refreshing native plugins compatible for Editor in 0.45 ms, found 0 plugins.
Preloading 0 native plugins for Editor in 0.00 ms.
Unloading 1113 Unused Serialized files (Serialized files now loaded: 0)
System memory in use before: 98.0 MB.
System memory in use after: 98.0 MB.

Unloading 8 unused Assets to reduce memory usage. Loaded Objects now: 1661.
Total: 3.558198 ms (FindLiveObjects: 0.374094 ms CreateObjectMapping: 0.075265 ms MarkObjects: 2.870924 ms  DeleteObjects: 0.236001 ms)

========================================================================
Received Import Request.
  Time since last request: 1356.522430 seconds.
  path: Assets/Stylized_Human_Male/Materials/Mat_Stylized_Human_Male_1_skin_Body.mat
  artifactKey: Guid(78fbdf0f21439e04aa0c467420d916d6) Importer(815301076,1909f56bfc062723c751e8b465ee728b)
Start importing Assets/Stylized_Human_Male/Materials/Mat_Stylized_Human_Male_1_skin_Body.mat using Guid(78fbdf0f21439e04aa0c467420d916d6) Importer(815301076,1909f56bfc062723c751e8b465ee728b)  -> (artifact id: 'c5d045a3d8ad08b9ca887b3c14e84b3d') in 0.277652 seconds
  Import took 0.291132 seconds .

========================================================================
Received Import Request.
  Time since last request: 0.000433 seconds.
  path: Assets/Stylized_Human_Male/Materials/Mat_Stylized_Human_Male_1_skin_Clothes.mat
  artifactKey: Guid(cd065016107bf6e47b54280b9b1cd61d) Importer(815301076,1909f56bfc062723c751e8b465ee728b)
Start importing Assets/Stylized_Human_Male/Materials/Mat_Stylized_Human_Male_1_skin_Clothes.mat using Guid(cd065016107bf6e47b54280b9b1cd61d) Importer(815301076,1909f56bfc062723c751e8b465ee728b)  -> (artifact id: 'ef3ef5402428b5b4cc8a4e85530f4047') in 0.223622 seconds
  Import took 0.237856 seconds .

========================================================================
Received Import Request.
  Time since last request: 5.242008 seconds.
  path: Assets/Stylized_Human_Male/Meshes/Stylized_Human_Male.fbx
  artifactKey: Guid(056669cf32265de41a9e14b53ff52cee) Importer(815301076,1909f56bfc062723c751e8b465ee728b)
Start importing Assets/Stylized_Human_Male/Meshes/Stylized_Human_Male.fbx using Guid(056669cf32265de41a9e14b53ff52cee) Importer(815301076,1909f56bfc062723c751e8b465ee728b)  -> (artifact id: '2ceabf0d0739bd0f52ff580a4a1ea6a6') in 0.316927 seconds
  Import took 0.329288 seconds .

========================================================================
Received Import Request.
  Time since last request: 7.066407 seconds.
  path: Assets/Stylized_Human_Male/Meshes/Materials
  artifactKey: Guid(0a2bcd159835c9c40af3dfda94082e24) Importer(815301076,1909f56bfc062723c751e8b465ee728b)
Start importing Assets/Stylized_Human_Male/Meshes/Materials using Guid(0a2bcd159835c9c40af3dfda94082e24) Importer(815301076,1909f56bfc062723c751e8b465ee728b)  -> (artifact id: '2aec19d8c745c9cf80b7d081f90ba7a8') in 0.045583 seconds
  Import took 0.048569 seconds .

========================================================================
Received Import Request.
  Time since last request: 0.095927 seconds.
  path: Assets/Stylized_Human_Male/Meshes/Materials/Body12.mat
  artifactKey: Guid(fada88f9e2c44ee4f851324b535073c8) Importer(815301076,1909f56bfc062723c751e8b465ee728b)
Start importing Assets/Stylized_Human_Male/Meshes/Materials/Body12.mat using Guid(fada88f9e2c44ee4f851324b535073c8) Importer(815301076,1909f56bfc062723c751e8b465ee728b)  -> (artifact id: 'e0cadf130e037742cadd4d36d9a0f264') in 0.051631 seconds
  Import took 0.054990 seconds .

========================================================================
Received Import Request.
  Time since last request: 0.000279 seconds.
  path: Assets/Stylized_Human_Male/Meshes/Materials/Clothes8.mat
  artifactKey: Guid(cdc3f6de787e9af4395a2b7430b4635d) Importer(815301076,1909f56bfc062723c751e8b465ee728b)
Start importing Assets/Stylized_Human_Male/Meshes/Materials/Clothes8.mat using Guid(cdc3f6de787e9af4395a2b7430b4635d) Importer(815301076,1909f56bfc062723c751e8b465ee728b)  -> (artifact id: '7d98932a29811483efe122e96078092b') in 0.058502 seconds
  Import took 0.061477 seconds .

========================================================================
Received Import Request.
  Time since last request: 13.637425 seconds.
  path: Assets/Stylized_Human_Male/Stand/New Material.mat
  artifactKey: Guid(c7aba84c735ba5742981f4eb87d1d961) Importer(815301076,1909f56bfc062723c751e8b465ee728b)
Start importing Assets/Stylized_Human_Male/Stand/New Material.mat using Guid(c7aba84c735ba5742981f4eb87d1d961) Importer(815301076,1909f56bfc062723c751e8b465ee728b)  -> (artifact id: '0b24d3125be14361e731b05a8793dafd') in 0.634948 seconds
  Import took 0.638405 seconds .

========================================================================
Received Import Request.
  Time since last request: 0.000256 seconds.
  path: Assets/Stylized_Human_Male/Stand/Plane.prefab
  artifactKey: Guid(62279777caffba34e897318f4b619273) Importer(815301076,1909f56bfc062723c751e8b465ee728b)
Start importing Assets/Stylized_Human_Male/Stand/Plane.prefab using Guid(62279777caffba34e897318f4b619273) Importer(815301076,1909f56bfc062723c751e8b465ee728b)  -> (artifact id: 'ca1837a24072d6d6b266ab337949dc34') in 0.077456 seconds
  Import took 0.080261 seconds .

========================================================================
Received Import Request.
  Time since last request: 16.475565 seconds.
  path: Assets/Stylized_Human_Male/Textures/1_Skin
  artifactKey: Guid(71cb1f76959e8af48b8a3cc77d2d7145) Importer(815301076,1909f56bfc062723c751e8b465ee728b)
Start importing Assets/Stylized_Human_Male/Textures/1_Skin using Guid(71cb1f76959e8af48b8a3cc77d2d7145) Importer(815301076,1909f56bfc062723c751e8b465ee728b)  -> (artifact id: '5b8394ce6eb241d676f7f05684521d30') in 0.047989 seconds
  Import took 0.050935 seconds .

========================================================================
Received Import Request.
  Time since last request: 0.000229 seconds.
  path: Assets/Stylized_Human_Male/Textures/1_Skin/T_Stylized_Human_Male_1_Skin_Clothes_Ao.tga
  artifactKey: Guid(489e0fcb343227a4eba566bb1527a147) Importer(815301076,1909f56bfc062723c751e8b465ee728b)
Start importing Assets/Stylized_Human_Male/Textures/1_Skin/T_Stylized_Human_Male_1_Skin_Clothes_Ao.tga using Guid(489e0fcb343227a4eba566bb1527a147) Importer(815301076,1909f56bfc062723c751e8b465ee728b)  -> (artifact id: '0a135c9106625c7860364aa00d45a60c') in 0.088700 seconds
  Import took 0.091572 seconds .

========================================================================
Received Import Request.
  Time since last request: 0.000298 seconds.
  path: Assets/Stylized_Human_Male/Textures/1_Skin/T_Stylized_Human_Male_1_Skin_Body_Ao.tga
  artifactKey: Guid(d4a4eae2221a1c546b762acb56cee331) Importer(815301076,1909f56bfc062723c751e8b465ee728b)
Start importing Assets/Stylized_Human_Male/Textures/1_Skin/T_Stylized_Human_Male_1_Skin_Body_Ao.tga using Guid(d4a4eae2221a1c546b762acb56cee331) Importer(815301076,1909f56bfc062723c751e8b465ee728b)  -> (artifact id: '5f168beee90961ba02395cd7022e1a93') in 0.075290 seconds
  Import took 0.078029 seconds .

========================================================================
Received Import Request.
  Time since last request: 0.000229 seconds.
  path: Assets/Stylized_Human_Male/Textures/1_Skin/T_Stylized_Human_Male_1_Skin_Clothes_BaseColor.tga
  artifactKey: Guid(2e33d9e48eeddbb4dad6c7648b5401e3) Importer(815301076,1909f56bfc062723c751e8b465ee728b)
Start importing Assets/Stylized_Human_Male/Textures/1_Skin/T_Stylized_Human_Male_1_Skin_Clothes_BaseColor.tga using Guid(2e33d9e48eeddbb4dad6c7648b5401e3) Importer(815301076,1909f56bfc062723c751e8b465ee728b)  -> (artifact id: 'fbe19e5df2cc65b77abc022f987bc061') in 0.070607 seconds
  Import took 0.073288 seconds .

========================================================================
Received Import Request.
  Time since last request: 0.000232 seconds.
  path: Assets/Stylized_Human_Male/Textures/1_Skin/T_Stylized_Human_Male_1_Skin_Body_Metallic.tga
  artifactKey: Guid(ff42902df48e14b4c98a925b92566bf2) Importer(815301076,1909f56bfc062723c751e8b465ee728b)
Start importing Assets/Stylized_Human_Male/Textures/1_Skin/T_Stylized_Human_Male_1_Skin_Body_Metallic.tga using Guid(ff42902df48e14b4c98a925b92566bf2) Importer(815301076,1909f56bfc062723c751e8b465ee728b)  -> (artifact id: '79be55fcff98bf2cdf6038a229bd2f36') in 0.065745 seconds
  Import took 0.068458 seconds .

========================================================================
Received Import Request.
  Time since last request: 0.000486 seconds.
  path: Assets/Stylized_Human_Male/Textures/1_Skin/T_Stylized_Human_Male_1_Skin_Clothes_Height.tga
  artifactKey: Guid(94c86bd37894b194482440c7cf87e68e) Importer(815301076,1909f56bfc062723c751e8b465ee728b)
Start importing Assets/Stylized_Human_Male/Textures/1_Skin/T_Stylized_Human_Male_1_Skin_Clothes_Height.tga using Guid(94c86bd37894b194482440c7cf87e68e) Importer(815301076,1909f56bfc062723c751e8b465ee728b)  -> (artifact id: '5ed54426f9f8ecf3911f3bcfc1361432') in 0.077078 seconds
  Import took 0.079844 seconds .

========================================================================
Received Import Request.
  Time since last request: 0.000258 seconds.
  path: Assets/Stylized_Human_Male/Textures/1_Skin/T_Stylized_Human_Male_1_Skin_Clothes_Roughness.tga
  artifactKey: Guid(a110d15809728c249aeb1586c3556e25) Importer(815301076,1909f56bfc062723c751e8b465ee728b)
Start importing Assets/Stylized_Human_Male/Textures/1_Skin/T_Stylized_Human_Male_1_Skin_Clothes_Roughness.tga using Guid(a110d15809728c249aeb1586c3556e25) Importer(815301076,1909f56bfc062723c751e8b465ee728b)  -> (artifact id: '12b9a022448371de972ef39a31ec2525') in 0.067088 seconds
  Import took 0.069901 seconds .

========================================================================
Received Import Request.
  Time since last request: 0.000226 seconds.
  path: Assets/Stylized_Human_Male/Textures/1_Skin/T_Stylized_Human_Male_1_Skin_Body_Normal.tga
  artifactKey: Guid(b5b1a0f51999a4d4cb5ec96e225ceb2b) Importer(815301076,1909f56bfc062723c751e8b465ee728b)
Start importing Assets/Stylized_Human_Male/Textures/1_Skin/T_Stylized_Human_Male_1_Skin_Body_Normal.tga using Guid(b5b1a0f51999a4d4cb5ec96e225ceb2b) Importer(815301076,1909f56bfc062723c751e8b465ee728b)  -> (artifact id: '1e4d6e87915019c7296fd5435e30f1b8') in 0.095683 seconds
  Import took 0.101462 seconds .

========================================================================
Received Import Request.
  Time since last request: 0.000513 seconds.
  path: Assets/Stylized_Human_Male/Textures/1_Skin/T_Stylized_Human_Male_1_Skin_Clothes_Metallic.tga
  artifactKey: Guid(bd44d5b90fea802499a983976203e6f0) Importer(815301076,1909f56bfc062723c751e8b465ee728b)
Start importing Assets/Stylized_Human_Male/Textures/1_Skin/T_Stylized_Human_Male_1_Skin_Clothes_Metallic.tga using Guid(bd44d5b90fea802499a983976203e6f0) Importer(815301076,1909f56bfc062723c751e8b465ee728b)  -> (artifact id: '5ae7e44014b5fa99109b02596b5733a9') in 0.069574 seconds
  Import took 0.072769 seconds .

========================================================================
Received Import Request.
  Time since last request: 0.000326 seconds.
  path: Assets/Stylized_Human_Male/Textures/1_Skin/T_Stylized_Human_Male_1_Skin_Body_BaseColor.tga
  artifactKey: Guid(d2c6d2f5a708e3b448384f4f7d3bd865) Importer(815301076,1909f56bfc062723c751e8b465ee728b)
Start importing Assets/Stylized_Human_Male/Textures/1_Skin/T_Stylized_Human_Male_1_Skin_Body_BaseColor.tga using Guid(d2c6d2f5a708e3b448384f4f7d3bd865) Importer(815301076,1909f56bfc062723c751e8b465ee728b)  -> (artifact id: 'b1ec299241f15a4d2a0719b1d004ba8f') in 0.069338 seconds
  Import took 0.072335 seconds .

========================================================================
Received Import Request.
  Time since last request: 0.000268 seconds.
  path: Assets/Stylized_Human_Male/Textures/1_Skin/T_Stylized_Human_Male_1_Skin_Body_Roughness.tga
  artifactKey: Guid(2bfb4715d196ca7479e5c42431785633) Importer(815301076,1909f56bfc062723c751e8b465ee728b)
Start importing Assets/Stylized_Human_Male/Textures/1_Skin/T_Stylized_Human_Male_1_Skin_Body_Roughness.tga using Guid(2bfb4715d196ca7479e5c42431785633) Importer(815301076,1909f56bfc062723c751e8b465ee728b)  -> (artifact id: 'aecc9d1f7989540e8de1bc5d8d322799') in 0.070739 seconds
  Import took 0.073450 seconds .

========================================================================
Received Import Request.
  Time since last request: 0.000198 seconds.
  path: Assets/Stylized_Human_Male/Textures/1_Skin/T_Stylized_Human_Male_1_Skin_Body_BaseColor.tga
  artifactKey: Guid(d2c6d2f5a708e3b448384f4f7d3bd865) Importer(815301076,1909f56bfc062723c751e8b465ee728b)
Start importing Assets/Stylized_Human_Male/Textures/1_Skin/T_Stylized_Human_Male_1_Skin_Body_BaseColor.tga using Guid(d2c6d2f5a708e3b448384f4f7d3bd865) Importer(815301076,1909f56bfc062723c751e8b465ee728b)  -> (artifact id: 'b1ec299241f15a4d2a0719b1d004ba8f') in 0.065707 seconds
  Import took 0.068438 seconds .

========================================================================
Received Import Request.
  Time since last request: 0.000254 seconds.
  path: Assets/Stylized_Human_Male/Textures/1_Skin/T_Stylized_Human_Male_1_Skin_Body_Height.tga
  artifactKey: Guid(6a35153ca5a2a164e96cc162402ee3aa) Importer(815301076,1909f56bfc062723c751e8b465ee728b)
Start importing Assets/Stylized_Human_Male/Textures/1_Skin/T_Stylized_Human_Male_1_Skin_Body_Height.tga using Guid(6a35153ca5a2a164e96cc162402ee3aa) Importer(815301076,1909f56bfc062723c751e8b465ee728b)  -> (artifact id: '6cd7291232d6b8c11e74d7e8eaef8e7e') in 0.065885 seconds
  Import took 0.068586 seconds .

========================================================================
Received Import Request.
  Time since last request: 0.000236 seconds.
  path: Assets/Stylized_Human_Male/Textures/1_Skin/T_Stylized_Human_Male_1_Skin_Clothes_Normal.tga
  artifactKey: Guid(a10e88461b75bfb4695331f4a5ed1fbe) Importer(815301076,1909f56bfc062723c751e8b465ee728b)
Start importing Assets/Stylized_Human_Male/Textures/1_Skin/T_Stylized_Human_Male_1_Skin_Clothes_Normal.tga using Guid(a10e88461b75bfb4695331f4a5ed1fbe) Importer(815301076,1909f56bfc062723c751e8b465ee728b)  -> (artifact id: 'e53773d0fcf315b4ccd5eb474655cd6d') in 0.088533 seconds
  Import took 0.094454 seconds .

========================================================================
Received Prepare
Registering precompiled user dll's ...
Registered in 0.002301 seconds.
Begin MonoManager ReloadAssembly
Native extension for WindowsStandalone target not found
Refreshing native plugins compatible for Editor in 0.43 ms, found 0 plugins.
Preloading 0 native plugins for Editor in 0.00 ms.
Mono: successfully reloaded assembly
- Completed reload, in  1.202 seconds
Platform modules already initialized, skipping
Refreshing native plugins compatible for Editor in 0.49 ms, found 0 plugins.
Preloading 0 native plugins for Editor in 0.00 ms.
Unloading 1113 Unused Serialized files (Serialized files now loaded: 0)
System memory in use before: 98.0 MB.
System memory in use after: 98.1 MB.

Unloading 5 unused Assets to reduce memory usage. Loaded Objects now: 1667.
Total: 3.320283 ms (FindLiveObjects: 0.503895 ms CreateObjectMapping: 0.082919 ms MarkObjects: 2.561252 ms  DeleteObjects: 0.170304 ms)

AssetImportWorkerClient::OnTransportError - code=2 error=End of file
