Using pre-set license
Built from '2020.3/staging' branch; Version is '2020.3.5f1 (8095aa901b9b) revision 8426922'; Using compiler version '192528614'; Build Type 'Release'
OS: 'Windows 7  (6.1.0) 64bit' Language: 'ru' Physical Memory: 8190 MB
BatchMode: 1, IsHumanControllingUs: 0, StartBugReporterOnCrash: 0, Is64bit: 1, IsPro: 0

 COMMAND LINE ARGUMENTS:
C:\Program Files\Unity\Hub\Editor\2020.3.5f1\Editor\Unity.exe
-adb2
-batchMode
-noUpm
-name
AssetImportWorker0
-projectPath
C:/StartUnity/My_First_Game
-logFile
Logs/AssetImportWorker0.log
-srvPort
50539
Successfully changed project path to: C:/StartUnity/My_First_Game
C:/StartUnity/My_First_Game
Using Asset Import Pipeline V2.
Refreshing native plugins compatible for Editor in 47.08 ms, found 0 plugins.
Preloading 0 native plugins for Editor in 0.00 ms.
Initialize engine version: 2020.3.5f1 (8095aa901b9b)
[Subsystems] Discovering subsystems at path C:/Program Files/Unity/Hub/Editor/2020.3.5f1/Editor/Data/Resources/UnitySubsystems
[Subsystems] Discovering subsystems at path C:/StartUnity/My_First_Game/Assets
GfxDevice: creating device client; threaded=0
d3d11: CreateDXGIFactory2(...) not found, fallbacking to CreateDXGIFactory1(...).
d3d11: QueryInterface(IDXGIFactory5) failed (80004002).
Direct3D:
    Version:  Direct3D 11.0 [level 11.0]
    Renderer: NVIDIA GeForce GTX 1050 (ID=0x1c81)
    Vendor:   
    VRAM:     1958 MB
    Driver:   27.21.14.6109
Initialize mono
Mono path[0] = 'C:/Program Files/Unity/Hub/Editor/2020.3.5f1/Editor/Data/Managed'
Mono path[1] = 'C:/Program Files/Unity/Hub/Editor/2020.3.5f1/Editor/Data/MonoBleedingEdge/lib/mono/unityjit'
Mono config path = 'C:/Program Files/Unity/Hub/Editor/2020.3.5f1/Editor/Data/MonoBleedingEdge/etc'
Using monoOptions --debugger-agent=transport=dt_socket,embedding=1,server=y,suspend=n,address=127.0.0.1:56904
Begin MonoManager ReloadAssembly
Registering precompiled unity dll's ...
Register platform support module: C:/Program Files/Unity/Hub/Editor/2020.3.5f1/Editor/Data/PlaybackEngines/WindowsStandaloneSupport/UnityEditor.WindowsStandalone.Extensions.dll
Registered in 0.001585 seconds.
Native extension for WindowsStandalone target not found
Refreshing native plugins compatible for Editor in 48.28 ms, found 0 plugins.
Preloading 0 native plugins for Editor in 0.00 ms.
Mono: successfully reloaded assembly
- Completed reload, in  2.403 seconds
Platform modules already initialized, skipping
Registering precompiled user dll's ...
Registered in 0.001086 seconds.
Begin MonoManager ReloadAssembly
Native extension for WindowsStandalone target not found
Refreshing native plugins compatible for Editor in 0.47 ms, found 0 plugins.
Preloading 0 native plugins for Editor in 0.00 ms.
Mono: successfully reloaded assembly
- Completed reload, in  1.389 seconds
Platform modules already initialized, skipping
========================================================================
Worker process is ready to serve import requests
Launched and connected shader compiler UnityShaderCompiler.exe after 0.05 seconds
Refreshing native plugins compatible for Editor in 0.47 ms, found 0 plugins.
Preloading 0 native plugins for Editor in 0.00 ms.
Unloading 1159 Unused Serialized files (Serialized files now loaded: 0)
System memory in use before: 81.4 MB.
System memory in use after: 81.4 MB.

Unloading 9 unused Assets to reduce memory usage. Loaded Objects now: 1636.
Total: 3.432884 ms (FindLiveObjects: 0.408859 ms CreateObjectMapping: 0.087066 ms MarkObjects: 2.663324 ms  DeleteObjects: 0.272041 ms)

========================================================================
Received Import Request.
  path: Assets/Scripts/MainMenu.cs
  artifactKey: Guid(133abfaf1a2cad04eb227b65d20f3518) Importer(815301076,1909f56bfc062723c751e8b465ee728b)
Start importing Assets/Scripts/MainMenu.cs using Guid(133abfaf1a2cad04eb227b65d20f3518) Importer(815301076,1909f56bfc062723c751e8b465ee728b)  -> (artifact id: '4e35bf371970cc1cc96ed2ee54ef37c2') in 0.088657 seconds
  Import took 0.091799 seconds .

========================================================================
Received Prepare
Registering precompiled user dll's ...
Registered in 0.000829 seconds.
Begin MonoManager ReloadAssembly
Native extension for WindowsStandalone target not found
Refreshing native plugins compatible for Editor in 0.47 ms, found 0 plugins.
Preloading 0 native plugins for Editor in 0.00 ms.
Mono: successfully reloaded assembly
- Completed reload, in  1.231 seconds
Platform modules already initialized, skipping
Refreshing native plugins compatible for Editor in 0.49 ms, found 0 plugins.
Preloading 0 native plugins for Editor in 0.00 ms.
Unloading 1154 Unused Serialized files (Serialized files now loaded: 0)
System memory in use before: 81.3 MB.
System memory in use after: 81.4 MB.

Unloading 5 unused Assets to reduce memory usage. Loaded Objects now: 1639.
Total: 4.176931 ms (FindLiveObjects: 0.434054 ms CreateObjectMapping: 0.077179 ms MarkObjects: 3.410240 ms  DeleteObjects: 0.253544 ms)

========================================================================
Received Prepare
Registering precompiled user dll's ...
Registered in 0.000988 seconds.
Begin MonoManager ReloadAssembly
Native extension for WindowsStandalone target not found
Refreshing native plugins compatible for Editor in 0.47 ms, found 0 plugins.
Preloading 0 native plugins for Editor in 0.00 ms.
Mono: successfully reloaded assembly
- Completed reload, in  1.217 seconds
Platform modules already initialized, skipping
Refreshing native plugins compatible for Editor in 0.50 ms, found 0 plugins.
Preloading 0 native plugins for Editor in 0.00 ms.
Unloading 1154 Unused Serialized files (Serialized files now loaded: 0)
System memory in use before: 81.4 MB.
System memory in use after: 81.4 MB.

Unloading 5 unused Assets to reduce memory usage. Loaded Objects now: 1642.
Total: 4.227002 ms (FindLiveObjects: 0.403756 ms CreateObjectMapping: 0.082282 ms MarkObjects: 3.481041 ms  DeleteObjects: 0.258008 ms)

========================================================================
Received Import Request.
  Time since last request: 337.751674 seconds.
  path: Assets/Scripts/MainMenu.cs
  artifactKey: Guid(133abfaf1a2cad04eb227b65d20f3518) Importer(815301076,1909f56bfc062723c751e8b465ee728b)
Start importing Assets/Scripts/MainMenu.cs using Guid(133abfaf1a2cad04eb227b65d20f3518) Importer(815301076,1909f56bfc062723c751e8b465ee728b)  -> (artifact id: 'eebcd3cfb1e26d6b0fdbf7af1494a1be') in 0.059953 seconds
  Import took 0.063273 seconds .

========================================================================
Received Import Request.
  Time since last request: 201.119421 seconds.
  path: Assets/Scenes/MainMenu.unity
  artifactKey: Guid(ca57ae32614845543a13478bfd931b3e) Importer(815301076,1909f56bfc062723c751e8b465ee728b)
Start importing Assets/Scenes/MainMenu.unity using Guid(ca57ae32614845543a13478bfd931b3e) Importer(815301076,1909f56bfc062723c751e8b465ee728b)  -> (artifact id: 'd451eb0c9a607d2dbce281c96a67846b') in 0.151152 seconds
  Import took 0.154330 seconds .

========================================================================
Received Import Request.
  Time since last request: 6.859176 seconds.
  path: Assets/Scenes/Level_1.unity
  artifactKey: Guid(9fc0d4010bbf28b4594072e72b8655ab) Importer(815301076,1909f56bfc062723c751e8b465ee728b)
Start importing Assets/Scenes/Level_1.unity using Guid(9fc0d4010bbf28b4594072e72b8655ab) Importer(815301076,1909f56bfc062723c751e8b465ee728b)  -> (artifact id: '49ad70691950373fca0e793d09427626') in 0.051875 seconds
  Import took 0.055324 seconds .

========================================================================
Received Import Request.
  Time since last request: 43.924354 seconds.
  path: Assets/Scenes/PauseMenu.prefab
  artifactKey: Guid(8375c73896085714ea8a3a98ff842881) Importer(815301076,1909f56bfc062723c751e8b465ee728b)
Start importing Assets/Scenes/PauseMenu.prefab using Guid(8375c73896085714ea8a3a98ff842881) Importer(815301076,1909f56bfc062723c751e8b465ee728b)  -> (artifact id: '510acc6f4d343ae1c9119a4cbb84af20') in 0.132759 seconds
  Import took 0.136315 seconds .

========================================================================
Received Import Request.
  Time since last request: 0.023215 seconds.
  path: Assets/Scenes/PauseMenu.prefab
  artifactKey: Guid(8375c73896085714ea8a3a98ff842881) Importer(815301076,1909f56bfc062723c751e8b465ee728b)
Start importing Assets/Scenes/PauseMenu.prefab using Guid(8375c73896085714ea8a3a98ff842881) Importer(815301076,1909f56bfc062723c751e8b465ee728b)  -> (artifact id: '510acc6f4d343ae1c9119a4cbb84af20') in 0.051835 seconds
  Import took 0.055148 seconds .

AssetImportWorkerClient::OnTransportError - code=2 error=End of file
