Using pre-set license
Built from '2020.3/staging' branch; Version is '2020.3.5f1 (8095aa901b9b) revision 8426922'; Using compiler version '192528614'; Build Type 'Release'
OS: 'Windows 7  (6.1.0) 64bit' Language: 'ru' Physical Memory: 8190 MB
BatchMode: 1, IsHumanControllingUs: 0, StartBugReporterOnCrash: 0, Is64bit: 1, IsPro: 0

 COMMAND LINE ARGUMENTS:
C:\Program Files\Unity\Hub\Editor\2020.3.5f1\Editor\Unity.exe
-adb2
-batchMode
-noUpm
-name
AssetImportWorker2
-projectPath
C:/StartUnity/My_First_Game
-logFile
Logs/AssetImportWorker2.log
-srvPort
51507
Successfully changed project path to: C:/StartUnity/My_First_Game
C:/StartUnity/My_First_Game
Using Asset Import Pipeline V2.
Refreshing native plugins compatible for Editor in 168.52 ms, found 0 plugins.
Preloading 0 native plugins for Editor in 0.00 ms.
Initialize engine version: 2020.3.5f1 (8095aa901b9b)
[Subsystems] Discovering subsystems at path C:/Program Files/Unity/Hub/Editor/2020.3.5f1/Editor/Data/Resources/UnitySubsystems
[Subsystems] Discovering subsystems at path C:/StartUnity/My_First_Game/Assets
GfxDevice: creating device client; threaded=0
d3d11: CreateDXGIFactory2(...) not found, fallbacking to CreateDXGIFactory1(...).
d3d11: QueryInterface(IDXGIFactory5) failed (80004002).
Direct3D:
    Version:  Direct3D 11.0 [level 11.0]
    Renderer: NVIDIA GeForce GTX 1050 (ID=0x1c81)
    Vendor:   
    VRAM:     1958 MB
    Driver:   27.21.14.6109
Initialize mono
Mono path[0] = 'C:/Program Files/Unity/Hub/Editor/2020.3.5f1/Editor/Data/Managed'
Mono path[1] = 'C:/Program Files/Unity/Hub/Editor/2020.3.5f1/Editor/Data/MonoBleedingEdge/lib/mono/unityjit'
Mono config path = 'C:/Program Files/Unity/Hub/Editor/2020.3.5f1/Editor/Data/MonoBleedingEdge/etc'
Using monoOptions --debugger-agent=transport=dt_socket,embedding=1,server=y,suspend=n,address=127.0.0.1:56880
Begin MonoManager ReloadAssembly
Registering precompiled unity dll's ...
Register platform support module: C:/Program Files/Unity/Hub/Editor/2020.3.5f1/Editor/Data/PlaybackEngines/WindowsStandaloneSupport/UnityEditor.WindowsStandalone.Extensions.dll
Registered in 0.001603 seconds.
Native extension for WindowsStandalone target not found
Refreshing native plugins compatible for Editor in 48.20 ms, found 0 plugins.
Preloading 0 native plugins for Editor in 0.00 ms.
Mono: successfully reloaded assembly
- Completed reload, in  5.575 seconds
Platform modules already initialized, skipping
Registering precompiled user dll's ...
Registered in 0.000972 seconds.
Begin MonoManager ReloadAssembly
Native extension for WindowsStandalone target not found
Refreshing native plugins compatible for Editor in 0.49 ms, found 0 plugins.
Preloading 0 native plugins for Editor in 0.00 ms.
Mono: successfully reloaded assembly
- Completed reload, in  1.445 seconds
Platform modules already initialized, skipping
========================================================================
Worker process is ready to serve import requests
Launched and connected shader compiler UnityShaderCompiler.exe after 0.71 seconds
Refreshing native plugins compatible for Editor in 0.47 ms, found 0 plugins.
Preloading 0 native plugins for Editor in 0.00 ms.
Unloading 1123 Unused Serialized files (Serialized files now loaded: 0)
System memory in use before: 80.1 MB.
System memory in use after: 80.2 MB.

Unloading 9 unused Assets to reduce memory usage. Loaded Objects now: 1600.
Total: 4.256648 ms (FindLiveObjects: 0.413323 ms CreateObjectMapping: 0.091849 ms MarkObjects: 3.497933 ms  DeleteObjects: 0.251629 ms)

========================================================================
Received Import Request.
  path: Assets/Prefabs/Player.prefab
  artifactKey: Guid(839b64cb0a002d5429b7603c59e25062) Importer(815301076,1909f56bfc062723c751e8b465ee728b)
Start importing Assets/Prefabs/Player.prefab using Guid(839b64cb0a002d5429b7603c59e25062) Importer(815301076,1909f56bfc062723c751e8b465ee728b)  -> (artifact id: 'd91e49313a0ee2e0a5e02d8e354f53bf') in 1.084726 seconds
  Import took 1.128459 seconds .

========================================================================
Received Prepare
Refreshing native plugins compatible for Editor in 1.19 ms, found 0 plugins.
Preloading 0 native plugins for Editor in 0.00 ms.
Unloading 3 Unused Serialized files (Serialized files now loaded: 0)
System memory in use before: 75.5 MB.
System memory in use after: 75.6 MB.

Unloading 3 unused Assets to reduce memory usage. Loaded Objects now: 1608.
Total: 3.810476 ms (FindLiveObjects: 0.410133 ms CreateObjectMapping: 0.080049 ms MarkObjects: 3.120330 ms  DeleteObjects: 0.198050 ms)

========================================================================
Received Import Request.
  Time since last request: 31.345801 seconds.
  path: Assets/Prefabs/Player.prefab
  artifactKey: Guid(839b64cb0a002d5429b7603c59e25062) Importer(815301076,1909f56bfc062723c751e8b465ee728b)
Start importing Assets/Prefabs/Player.prefab using Guid(839b64cb0a002d5429b7603c59e25062) Importer(815301076,1909f56bfc062723c751e8b465ee728b)  -> (artifact id: 'ff5dfbf9dc682c070d6f0d54ee55de4b') in 0.470179 seconds
  Import took 0.506406 seconds .

========================================================================
Received Import Request.
  Time since last request: 8.607520 seconds.
  path: Assets/Prefabs/Player.prefab
  artifactKey: Guid(839b64cb0a002d5429b7603c59e25062) Importer(815301076,1909f56bfc062723c751e8b465ee728b)
Start importing Assets/Prefabs/Player.prefab using Guid(839b64cb0a002d5429b7603c59e25062) Importer(815301076,1909f56bfc062723c751e8b465ee728b)  -> (artifact id: '96df6dd210f970c6b78d4e17a3720837') in 0.433862 seconds
  Import took 0.470995 seconds .

========================================================================
Received Prepare
Registering precompiled user dll's ...
Registered in 0.000926 seconds.
Begin MonoManager ReloadAssembly
Native extension for WindowsStandalone target not found
Refreshing native plugins compatible for Editor in 0.45 ms, found 0 plugins.
Preloading 0 native plugins for Editor in 0.00 ms.
Mono: successfully reloaded assembly
- Completed reload, in  1.557 seconds
Platform modules already initialized, skipping
Refreshing native plugins compatible for Editor in 0.47 ms, found 0 plugins.
Preloading 0 native plugins for Editor in 0.00 ms.
Unloading 1117 Unused Serialized files (Serialized files now loaded: 0)
System memory in use before: 97.4 MB.
System memory in use after: 97.5 MB.

Unloading 6 unused Assets to reduce memory usage. Loaded Objects now: 1610.
Total: 3.308175 ms (FindLiveObjects: 0.375052 ms CreateObjectMapping: 0.076222 ms MarkObjects: 2.639715 ms  DeleteObjects: 0.215272 ms)

========================================================================
Received Import Request.
  Time since last request: 44.885728 seconds.
  path: Assets/Scripts/Player.cs
  artifactKey: Guid(0ead1e10e645dc44aa46d2adc1900abc) Importer(815301076,1909f56bfc062723c751e8b465ee728b)
Start importing Assets/Scripts/Player.cs using Guid(0ead1e10e645dc44aa46d2adc1900abc) Importer(815301076,1909f56bfc062723c751e8b465ee728b)  -> (artifact id: '89170951a4e9d5bbb73e6430e7ea481a') in 0.059316 seconds
  Import took 0.062642 seconds .

========================================================================
Received Import Request.
  Time since last request: 0.002014 seconds.
  path: Assets/Scripts/Player.cs
  artifactKey: Guid(0ead1e10e645dc44aa46d2adc1900abc) Importer(815301076,1909f56bfc062723c751e8b465ee728b)
Start importing Assets/Scripts/Player.cs using Guid(0ead1e10e645dc44aa46d2adc1900abc) Importer(815301076,1909f56bfc062723c751e8b465ee728b)  -> (artifact id: '89170951a4e9d5bbb73e6430e7ea481a') in 0.043584 seconds
  Import took 0.046561 seconds .

========================================================================
Received Prepare
Registering precompiled user dll's ...
Registered in 0.001042 seconds.
Begin MonoManager ReloadAssembly
Native extension for WindowsStandalone target not found
Refreshing native plugins compatible for Editor in 0.46 ms, found 0 plugins.
Preloading 0 native plugins for Editor in 0.00 ms.
Mono: successfully reloaded assembly
- Completed reload, in  1.558 seconds
Platform modules already initialized, skipping
Refreshing native plugins compatible for Editor in 0.51 ms, found 0 plugins.
Preloading 0 native plugins for Editor in 0.00 ms.
Unloading 1117 Unused Serialized files (Serialized files now loaded: 0)
System memory in use before: 97.4 MB.
System memory in use after: 97.5 MB.

Unloading 5 unused Assets to reduce memory usage. Loaded Objects now: 1613.
Total: 3.483263 ms (FindLiveObjects: 0.340289 ms CreateObjectMapping: 0.073033 ms MarkObjects: 2.853392 ms  DeleteObjects: 0.214953 ms)

========================================================================
Received Import Request.
  Time since last request: 41.065123 seconds.
  path: Assets/Scripts/Player.cs
  artifactKey: Guid(0ead1e10e645dc44aa46d2adc1900abc) Importer(815301076,1909f56bfc062723c751e8b465ee728b)
Start importing Assets/Scripts/Player.cs using Guid(0ead1e10e645dc44aa46d2adc1900abc) Importer(815301076,1909f56bfc062723c751e8b465ee728b)  -> (artifact id: 'ff611c10c623e5072db83d6ed8762839') in 0.047014 seconds
  Import took 0.050290 seconds .

========================================================================
Received Prepare
Registering precompiled user dll's ...
Registered in 0.001035 seconds.
Begin MonoManager ReloadAssembly
Native extension for WindowsStandalone target not found
Refreshing native plugins compatible for Editor in 0.45 ms, found 0 plugins.
Preloading 0 native plugins for Editor in 0.00 ms.
Mono: successfully reloaded assembly
- Completed reload, in  1.207 seconds
Platform modules already initialized, skipping
Refreshing native plugins compatible for Editor in 0.56 ms, found 0 plugins.
Preloading 0 native plugins for Editor in 0.00 ms.
Unloading 1117 Unused Serialized files (Serialized files now loaded: 0)
System memory in use before: 97.4 MB.
System memory in use after: 97.5 MB.

Unloading 5 unused Assets to reduce memory usage. Loaded Objects now: 1616.
Total: 3.810476 ms (FindLiveObjects: 0.448085 ms CreateObjectMapping: 0.081006 ms MarkObjects: 3.044745 ms  DeleteObjects: 0.234089 ms)

========================================================================
Received Prepare
Registering precompiled user dll's ...
Registered in 0.000894 seconds.
Begin MonoManager ReloadAssembly
Native extension for WindowsStandalone target not found
Refreshing native plugins compatible for Editor in 0.48 ms, found 0 plugins.
Preloading 0 native plugins for Editor in 0.00 ms.
Mono: successfully reloaded assembly
- Completed reload, in  1.545 seconds
Platform modules already initialized, skipping
Refreshing native plugins compatible for Editor in 0.49 ms, found 0 plugins.
Preloading 0 native plugins for Editor in 0.00 ms.
Unloading 1117 Unused Serialized files (Serialized files now loaded: 0)
System memory in use before: 97.5 MB.
System memory in use after: 97.5 MB.

Unloading 5 unused Assets to reduce memory usage. Loaded Objects now: 1619.
Total: 3.457749 ms (FindLiveObjects: 0.362933 ms CreateObjectMapping: 0.074628 ms MarkObjects: 2.799176 ms  DeleteObjects: 0.219099 ms)

========================================================================
Received Import Request.
  Time since last request: 344.426156 seconds.
  path: Assets/Scripts/Player.cs
  artifactKey: Guid(0ead1e10e645dc44aa46d2adc1900abc) Importer(815301076,1909f56bfc062723c751e8b465ee728b)
Start importing Assets/Scripts/Player.cs using Guid(0ead1e10e645dc44aa46d2adc1900abc) Importer(815301076,1909f56bfc062723c751e8b465ee728b)  -> (artifact id: 'c4492d9e298b93faf99c25afb6c7ed66') in 0.065171 seconds
  Import took 0.078228 seconds .

========================================================================
Received Prepare
Registering precompiled user dll's ...
Registered in 0.001002 seconds.
Begin MonoManager ReloadAssembly
Native extension for WindowsStandalone target not found
Refreshing native plugins compatible for Editor in 0.45 ms, found 0 plugins.
Preloading 0 native plugins for Editor in 0.00 ms.
Mono: successfully reloaded assembly
- Completed reload, in  1.217 seconds
Platform modules already initialized, skipping
Refreshing native plugins compatible for Editor in 0.55 ms, found 0 plugins.
Preloading 0 native plugins for Editor in 0.00 ms.
Unloading 1117 Unused Serialized files (Serialized files now loaded: 0)
System memory in use before: 97.5 MB.
System memory in use after: 97.5 MB.

Unloading 5 unused Assets to reduce memory usage. Loaded Objects now: 1622.
Total: 3.580215 ms (FindLiveObjects: 0.364846 ms CreateObjectMapping: 0.074628 ms MarkObjects: 2.906652 ms  DeleteObjects: 0.232175 ms)

========================================================================
Received Prepare
Registering precompiled user dll's ...
Registered in 0.000867 seconds.
Begin MonoManager ReloadAssembly
Native extension for WindowsStandalone target not found
Refreshing native plugins compatible for Editor in 0.45 ms, found 0 plugins.
Preloading 0 native plugins for Editor in 0.00 ms.
Mono: successfully reloaded assembly
- Completed reload, in  1.569 seconds
Platform modules already initialized, skipping
Refreshing native plugins compatible for Editor in 0.47 ms, found 0 plugins.
Preloading 0 native plugins for Editor in 0.00 ms.
Unloading 1117 Unused Serialized files (Serialized files now loaded: 0)
System memory in use before: 97.5 MB.
System memory in use after: 97.5 MB.

Unloading 5 unused Assets to reduce memory usage. Loaded Objects now: 1625.
Total: 3.455516 ms (FindLiveObjects: 0.346987 ms CreateObjectMapping: 0.071120 ms MarkObjects: 2.819906 ms  DeleteObjects: 0.215910 ms)

========================================================================
Received Import Request.
  Time since last request: 1981.561162 seconds.
  path: Assets/Prefabs/Enemy.prefab
  artifactKey: Guid(8068c734c3a55df438077978ba2025f7) Importer(815301076,1909f56bfc062723c751e8b465ee728b)
Start importing Assets/Prefabs/Enemy.prefab using Guid(8068c734c3a55df438077978ba2025f7) Importer(815301076,1909f56bfc062723c751e8b465ee728b)  -> (artifact id: '54982d4198c0c1b927c43a6d30cc173e') in 0.786858 seconds
  Import took 0.793167 seconds .

========================================================================
Received Prepare
Registering precompiled user dll's ...
Registered in 0.000970 seconds.
Begin MonoManager ReloadAssembly
Native extension for WindowsStandalone target not found
Refreshing native plugins compatible for Editor in 0.47 ms, found 0 plugins.
Preloading 0 native plugins for Editor in 0.00 ms.
Mono: successfully reloaded assembly
- Completed reload, in  1.206 seconds
Platform modules already initialized, skipping
Refreshing native plugins compatible for Editor in 0.60 ms, found 0 plugins.
Preloading 0 native plugins for Editor in 0.00 ms.
Unloading 1117 Unused Serialized files (Serialized files now loaded: 0)
System memory in use before: 97.5 MB.
System memory in use after: 97.6 MB.

Unloading 5 unused Assets to reduce memory usage. Loaded Objects now: 1629.
Total: 4.689106 ms (FindLiveObjects: 0.424804 ms CreateObjectMapping: 0.082282 ms MarkObjects: 3.927840 ms  DeleteObjects: 0.251629 ms)

========================================================================
Received Prepare
Registering precompiled user dll's ...
Registered in 0.000961 seconds.
Begin MonoManager ReloadAssembly
Native extension for WindowsStandalone target not found
Refreshing native plugins compatible for Editor in 0.47 ms, found 0 plugins.
Preloading 0 native plugins for Editor in 0.00 ms.
Mono: successfully reloaded assembly
- Completed reload, in  1.214 seconds
Platform modules already initialized, skipping
Refreshing native plugins compatible for Editor in 0.51 ms, found 0 plugins.
Preloading 0 native plugins for Editor in 0.00 ms.
Unloading 1117 Unused Serialized files (Serialized files now loaded: 0)
System memory in use before: 97.5 MB.
System memory in use after: 97.6 MB.

Unloading 5 unused Assets to reduce memory usage. Loaded Objects now: 1632.
Total: 3.479755 ms (FindLiveObjects: 0.347306 ms CreateObjectMapping: 0.071757 ms MarkObjects: 2.840635 ms  DeleteObjects: 0.218461 ms)

========================================================================
Received Prepare
Registering precompiled user dll's ...
Registered in 0.000883 seconds.
Begin MonoManager ReloadAssembly
Native extension for WindowsStandalone target not found
Refreshing native plugins compatible for Editor in 0.49 ms, found 0 plugins.
Preloading 0 native plugins for Editor in 0.00 ms.
Mono: successfully reloaded assembly
- Completed reload, in  1.595 seconds
Platform modules already initialized, skipping
Refreshing native plugins compatible for Editor in 0.45 ms, found 0 plugins.
Preloading 0 native plugins for Editor in 0.00 ms.
Unloading 1117 Unused Serialized files (Serialized files now loaded: 0)
System memory in use before: 97.5 MB.
System memory in use after: 97.6 MB.

Unloading 5 unused Assets to reduce memory usage. Loaded Objects now: 1635.
Total: 3.485176 ms (FindLiveObjects: 0.372819 ms CreateObjectMapping: 0.073033 ms MarkObjects: 2.811933 ms  DeleteObjects: 0.226115 ms)

========================================================================
Received Prepare
Registering precompiled user dll's ...
Registered in 0.000921 seconds.
Begin MonoManager ReloadAssembly
Native extension for WindowsStandalone target not found
Refreshing native plugins compatible for Editor in 0.46 ms, found 0 plugins.
Preloading 0 native plugins for Editor in 0.00 ms.
Mono: successfully reloaded assembly
- Completed reload, in  1.544 seconds
Platform modules already initialized, skipping
Refreshing native plugins compatible for Editor in 0.46 ms, found 0 plugins.
Preloading 0 native plugins for Editor in 0.00 ms.
Unloading 1117 Unused Serialized files (Serialized files now loaded: 0)
System memory in use before: 97.5 MB.
System memory in use after: 97.6 MB.

Unloading 5 unused Assets to reduce memory usage. Loaded Objects now: 1638.
Total: 3.466679 ms (FindLiveObjects: 0.348581 ms CreateObjectMapping: 0.074309 ms MarkObjects: 2.822138 ms  DeleteObjects: 0.220375 ms)

AssetImportWorkerClient::OnTransportError - code=2 error=End of file
